Iteration	Posterior	Likelihood	Prior	rate_log_sd	rate_neo	tree_length
0	-2704.632	-3327.408	622.7758	1.808057	0.7525337	3.195665
6	-2695.967	-3319.271	623.3046	1.861766	0.5638213	3.002049
12	-2705.452	-3328.541	623.0892	1.688178	0.6318165	3.174921
18	-2697.1	-3319.335	622.2349	1.686266	0.5144555	3.778369
24	-2683.388	-3307.123	623.7354	1.836851	0.6535697	2.677211
30	-2676.858	-3300.034	623.176	1.836851	0.7797777	2.919314
36	-2675.173	-3299.009	623.8366	1.834321	0.6864869	2.58902
42	-2663.48	-3286.383	622.903	1.805744	0.6793524	3.177178
48	-2673.768	-3297.757	623.9889	1.900626	0.5950922	2.532005
54	-2687.766	-3311.007	623.2412	1.900626	0.6014504	2.983222
60	-2689.233	-3313.332	624.0989	1.890129	0.542999	2.51904
66	-2690.004	-3313.796	623.7921	1.927919	0.6131477	2.620975
72	-2682.282	-3305.691	623.4089	1.88158	0.5136645	2.974775
78	-2683.097	-3306.869	623.772	1.88772	0.5136645	2.75106
84	-2697.323	-3321.357	624.0343	1.916478	0.5699059	2.517157
90	-2699.051	-3323.173	624.1219	2.062476	0.63384	2.3113
96	-2694.469	-3318.499	624.0294	1.984166	0.5501708	2.496715
102	-2685.021	-3309.378	624.3564	2.032651	0.5145443	2.2951
108	-2677.767	-3302.049	624.2817	1.872411	0.4280377	2.537364
114	-2697.402	-3319.966	622.5633	1.804266	0.5764497	3.463365
120	-2699.849	-3322.821	622.9726	1.823088	0.5137037	3.269387
126	-2702.833	-3325.815	622.9819	1.74871	0.5204172	3.301345
132	-2722.003	-3345.63	623.6269	1.89532	0.6002165	2.753935
138	-2707.558	-3331.354	623.7957	1.814486	0.5418483	2.753935
144	-2702.168	-3325.423	623.2549	1.904979	0.6671683	2.91704
150	-2704.386	-3324.722	620.3357	1.474919	0.5586907	4.932062
156	-2705.313	-3326.499	621.186	1.504957	0.5586907	4.439262
162	-2686.734	-3308.045	621.3111	1.573636	0.6493534	4.25559
168	-2688.102	-3309.568	621.4653	1.49128	0.6592026	4.207183
174	-2684.268	-3306.338	622.0699	1.560192	0.5212835	3.939265
180	-2688.969	-3309.662	620.6929	1.693176	0.7215674	4.483214
186	-2682.657	-3305.342	622.6853	1.787539	0.7215674	3.284214
192	-2711.329	-3334.009	622.68	1.68409	0.5759253	3.465884
198	-2704.161	-3326.679	622.518	1.68409	0.641171	3.50559
204	-2698.097	-3320.652	622.5553	1.675731	0.7212214	3.426551
210	-2694.772	-3317.64	622.8682	1.722508	0.5917656	3.319189
216	-2689.011	-3311.609	622.5985	1.646286	0.6896018	3.442485
222	-2682.51	-3305.46	622.9498	1.595149	0.4871422	3.442485
228	-2681.942	-3304.423	622.4813	1.623434	0.4594887	3.725892
234	-2702.814	-3325.393	622.5791	1.683313	0.6415986	3.470054
240	-2690.43	-3313.362	622.9316	1.740142	0.5444065	3.313639
246	-2683.552	-3305.248	621.6957	1.740142	0.6227398	3.962924
252	-2677.219	-3299.429	622.2101	1.556633	0.5034433	3.877515
258	-2680.134	-3302.405	622.271	1.576887	0.6689343	3.689286
264	-2673.63	-3296.318	622.6879	1.844866	0.5982328	3.347727
270	-2677.358	-3300.844	623.4858	1.727232	0.5298313	3.005682
276	-2674.313	-3297.258	622.9444	1.782531	0.6303172	3.206126
282	-2663.663	-3286.179	622.5157	1.716219	0.7112217	3.433578
288	-2678.094	-3300.626	622.5319	1.727189	0.6902544	3.433578
294	-2660.289	-3283.141	622.852	1.893143	0.7683242	3.088219
300	-2690.857	-3314.145	623.2883	1.901106	0.5784388	2.974965
306	-2690.665	-3313.989	623.3246	1.921211	0.7122276	2.829177
312	-2682.051	-3304.607	622.5561	1.695643	0.6596309	3.46181
318	-2665.42	-3287.932	622.512	1.695643	0.6759998	3.474737
324	-2667.34	-3289.57	622.2302	1.709196	0.9224494	3.460568
330	-2656.84	-3279.079	622.2393	1.567881	0.6614189	3.718711
336	-2679.068	-3301.539	622.4711	1.540179	0.5227056	3.718711
342	-2674.189	-3296.947	622.7583	1.757975	0.5643263	3.387037
348	-2675.249	-3298.166	622.9166	1.738389	0.6953854	3.196514
354	-2657.406	-3278.925	621.5185	1.615149	0.6746367	4.0947
360	-2661.003	-3283.028	622.0249	1.615149	0.6539509	3.820902
366	-2664.224	-3286.545	622.3213	1.526595	0.6787221	3.681729
372	-2671.99	-3294.326	622.3359	1.648719	0.6056734	3.661133
378	-2687.092	-3309.264	622.172	1.508467	0.7500629	3.725597
384	-2683.278	-3305.734	622.4561	1.639212	0.7808002	3.462865
390	-2698.149	-3320.695	622.546	1.744447	0.8213483	3.320367
396	-2701.015	-3323.99	622.9751	1.662692	0.5387055	3.338865
402	-2674.53	-3297.066	622.5356	1.73635	0.7156303	3.406817
408	-2692.091	-3314.816	622.7249	1.813817	0.688745	3.270446
414	-2680.177	-3303.347	623.1698	1.860559	0.8722225	2.844259
420	-2665.917	-3288.735	622.8171	1.79657	0.7460662	3.182708
426	-2668.748	-3291.335	622.5866	1.812481	0.8333693	3.248128
432	-2681.013	-3304.433	623.4195	1.870649	0.6496774	2.852653
438	-2676.9	-3300.819	623.9188	1.870649	0.6496774	2.546145
444	-2682.097	-3305.177	623.0793	1.851293	0.6496774	3.068987
450	-2689.231	-3311.254	622.0231	1.727083	0.897293	3.586517
456	-2700.588	-3323.039	622.4506	1.589781	0.6577017	3.586517
462	-2692.076	-3314.578	622.5025	1.636507	0.6577017	3.529125
468	-2679.748	-3301.885	622.1362	1.592145	0.7289441	3.713215
474	-2678.058	-3300.049	621.9917	1.618673	0.4810986	3.988507
480	-2677.137	-3299.663	622.5264	1.688857	0.6102893	3.523355
486	-2691.275	-3313.869	622.5942	1.681281	0.6954268	3.420046
492	-2678.91	-3302.044	623.1342	1.783656	0.6216684	3.099873
498	-2680.275	-3302.943	622.6676	1.741506	0.6231896	3.399317
504	-2674.453	-3295.772	621.3198	1.617064	0.6798637	4.202627
510	-2687.336	-3310.462	623.1266	1.64695	0.4659334	3.329672
516	-2669.06	-3290.959	621.8983	1.605784	0.6563704	3.897084
522	-2673.889	-3296.385	622.4963	1.622639	0.5383079	3.642084
528	-2684.596	-3306.869	622.2731	1.504516	0.4669017	3.906686
534	-2671.713	-3293.91	622.1965	1.549446	0.7074048	3.718886
540	-2669.514	-3291.826	622.3118	1.538513	0.7074048	3.658542
546	-2682.84	-3305.136	622.2958	1.6557	0.7074048	3.599882
552	-2673.375	-3296.511	623.136	1.726773	0.5778578	3.170561
558	-2692.548	-3315.478	622.9296	1.726773	0.6972105	3.194255
564	-2685.165	-3306.432	621.2672	1.557974	0.5190382	4.398632
570	-2696.57	-3320.193	623.6237	1.806545	0.5190382	2.885314
576	-2694.537	-3316.978	622.4403	1.700497	0.4959488	3.669069
582	-2684.925	-3308.108	623.1835	1.804856	0.6826173	3.007797
588	-2688.315	-3311.156	622.8415	1.76666	0.6826173	3.234172
594	-2706.804	-3328.859	622.0553	1.631468	0.6041085	3.834329
600	-2697.813	-3320.316	622.5038	1.697857	0.5426768	3.590142
606	-2702.474	-3325.782	623.3084	1.654785	0.4317788	3.25375
612	-2697.487	-3320.633	623.1464	1.74194	0.6051826	3.131534
618	-2682.979	-3305.074	622.0951	1.579982	0.707155	3.760016
624	-2691.635	-3313.611	621.9759	1.57673	0.7014589	3.834747
630	-2668.495	-3291.44	622.9444	1.672271	0.5556187	3.335852
636	-2677.992	-3299.663	621.6713	1.626647	0.5561591	4.097633
642	-2703.739	-3326.659	622.9192	1.606956	0.420788	3.522011
648	-2706.372	-3328.24	621.8686	1.43318	0.4831567	4.162371
654	-2690.648	-3312.529	621.8813	1.653061	0.4730983	4.039685
660	-2688.715	-3311.42	622.7052	1.633864	0.5835965	3.473842
666	-2690.899	-3313.336	622.4363	1.552339	0.5872385	3.674407
672	-2685.981	-3307.488	621.5078	1.453388	0.6127612	4.241353
678	-2689.998	-3311.53	621.5328	1.46922	0.5773642	4.247515
684	-2681	-3303.783	622.7828	1.671729	0.5017524	3.481063
690	-2704.906	-3327.021	622.1156	1.617063	0.5362762	3.866772
696	-2682.001	-3303.809	621.8079	1.479937	0.5690236	4.092251
702	-2664.491	-3286.408	621.9178	1.517401	0.5550838	4.020306
708	-2681.324	-3303.454	622.1297	1.552872	0.5806887	3.856497
714	-2663.396	-3285.281	621.8852	1.660838	0.5643225	3.948868
720	-2660.361	-3282.92	622.5593	1.660838	0.5979791	3.530888
726	-2663.488	-3286.84	623.3519	1.714944	0.5238801	3.098769
732	-2657.638	-3280.805	623.1671	1.715284	0.6141735	3.127381
738	-2664.109	-3287.155	623.0462	1.81312	0.6304667	3.127381
744	-2664.515	-3287.938	623.4222	1.839839	0.61268	2.90108
750	-2673.881	-3297.292	623.4116	1.839839	0.6200815	2.90108
756	-2669.787	-3291.736	621.949	1.635346	0.6975049	3.819472
762	-2682.584	-3304.589	622.0046	1.635346	0.6975049	3.787473
768	-2690.604	-3311.832	621.2274	1.571558	0.7312326	4.243119
774	-2731.217	-3349.382	618.1641	1.375286	0.5898644	6.155026
780	-2700.567	-3322.325	621.7575	1.483461	0.5912944	4.100093
786	-2688.384	-3310.165	621.7809	1.503435	0.7195827	3.975211
792	-2696.005	-3316.937	620.9314	1.582329	0.7458017	4.394119
798	-2691.924	-3313.13	621.2053	1.56385	0.7984333	4.213535
804	-2680.203	-3302.796	622.5934	1.701661	0.563149	3.51743
810	-2677.034	-3300.081	623.0473	1.598608	0.5391799	3.333661
816	-2659.335	-3281.55	622.2151	1.684171	0.6547078	3.670702
822	-2655.669	-3277.421	621.7527	1.536803	0.684907	3.998013
828	-2669.735	-3291.809	622.0742	1.412063	0.6207396	3.935724
834	-2671.758	-3293.33	621.5719	1.515144	0.6207396	4.163446
840	-2677.064	-3298.615	621.5514	1.503246	0.6438864	4.163446
846	-2677.269	-3298.563	621.2942	1.5616	0.5951039	4.315473
852	-2684.918	-3306.894	621.9765	1.575777	0.5840178	3.928419
858	-2688.069	-3310.635	622.5665	1.64566	0.4520738	3.671344
864	-2684.347	-3306.395	622.0482	1.610039	0.5630637	3.885669
870	-2686.887	-3309.017	622.1297	1.619437	0.5827748	3.816425
876	-2678.735	-3300.987	622.2522	1.630183	0.4977996	3.816425
882	-2697.576	-3321.205	623.6288	1.749229	0.7764489	2.699611
888	-2700.632	-3324.536	623.9046	1.96083	0.729897	2.432603
894	-2696.246	-3319.857	623.6112	1.879697	0.5950626	2.777635
900	-2698.512	-3322.375	623.8626	1.779971	0.4655026	2.810841
906	-2692.959	-3316.3	623.3408	1.899847	0.7387799	2.811855
912	-2706.036	-3328.92	622.8836	1.806745	0.5706821	3.278999
918	-2697.442	-3320.14	622.6986	1.72282	0.6206109	3.394235
924	-2709.035	-3331.606	622.5708	1.731537	0.6206109	3.463923
930	-2700.062	-3323.01	622.9484	1.793715	0.634277	3.193844
936	-2702.952	-3326.092	623.1399	1.793715	0.6229851	3.089394
942	-2682.145	-3304.685	622.539	1.603615	0.5986405	3.575385
948	-2689.966	-3311.86	621.8934	1.659993	0.6590431	3.866715
954	-2686.196	-3308.246	622.0506	1.602525	0.4724893	3.972467
960	-2689.703	-3313.043	623.3396	1.824194	0.6733653	2.909653
966	-2702.18	-3325.043	622.8623	1.782255	0.6733653	3.21992
972	-2693.583	-3316.79	623.208	1.742686	0.6805592	3.032046
978	-2690.335	-3313.416	623.0816	1.789413	0.8624842	2.947078
984	-2682.156	-3305.479	623.3234	1.840953	0.5533507	3.012872
990	-2683.048	-3306.878	623.83	1.94159	0.5964474	2.604032
996	-2671.679	-3294.8	623.1209	1.775585	0.5569445	3.169356
1002	-2680.036	-3302.531	622.4954	1.629791	0.4172786	3.75824
1008	-2680.079	-3302.321	622.2417	1.57308	0.6069315	3.75824
1014	-2667.644	-3290.3	622.6554	1.617902	0.5893366	3.507278
1020	-2665.015	-3286.977	621.9614	1.640882	0.6910187	3.814035
1026	-2674.171	-3296.476	622.3053	1.738645	0.662646	3.580547
1032	-2686.481	-3309.418	622.9372	1.826347	0.7048602	3.124694
1038	-2691.526	-3314.791	623.2642	1.771957	0.5898604	3.056676
1044	-2683.231	-3307.496	624.265	1.966975	0.4672365	2.444846
1050	-2683.598	-3307.674	624.0764	2.000841	0.5774391	2.430787
1056	-2679.816	-3303.595	623.7792	1.960804	0.6176446	2.604654
1062	-2671.713	-3295.771	624.0582	2.023404	0.5466006	2.457584
1068	-2685.163	-3309.356	624.1923	1.966886	0.6595357	2.304734
1074	-2673.866	-3297.631	623.7646	1.963349	0.5938725	2.633298
1080	-2678.799	-3302.328	623.5298	1.806814	0.5938725	2.872402
1086	-2681.498	-3304.37	622.8721	1.82662	0.618876	3.232355
1092	-2688.826	-3312.416	623.59	1.877848	0.7786817	2.642711
1098	-2692.401	-3316.044	623.6436	1.807867	0.7005127	2.71289
1104	-2698.585	-3321.784	623.1994	1.798167	0.6397263	3.037117
1110	-2685.9	-3308.714	622.8135	1.618926	0.5496926	3.449267
1116	-2685.475	-3307.542	622.0673	1.618926	0.6459156	3.80066
1122	-2685.058	-3307.724	622.666	1.750568	0.5254612	3.480772
1128	-2686.855	-3308.655	621.8005	1.65596	0.5534753	4.009592
1134	-2677.772	-3300.644	622.8727	1.681844	0.4967109	3.427494
1140	-2696.447	-3319.648	623.2008	1.967953	0.6486315	2.926901
1146	-2696.359	-3320.235	623.8756	1.834012	0.5431342	2.691775
1152	-2693.215	-3315.24	622.0252	1.69811	0.5991917	3.817429
1158	-2690.403	-3313.089	622.6856	1.780412	0.5930578	3.391392
1164	-2692.908	-3315.521	622.6129	1.69449	0.7085067	3.391392
1170	-2703.981	-3327.633	623.6522	1.764436	0.4651707	2.947902
1176	-2716.874	-3339.862	622.988	1.835267	0.786468	3.028484
1182	-2696.118	-3319.121	623.0033	1.866259	0.7483776	3.028484
1188	-2683.087	-3306.14	623.0526	1.866259	0.7115873	3.026804
1194	-2690.032	-3313.457	623.4243	1.75189	0.5029037	3.053845
1200	-2686.242	-3309.568	623.3262	1.790572	0.6690024	2.941523
1206	-2685.851	-3308.817	622.9665	1.749265	0.5923606	3.244928
1212	-2692.532	-3314.053	621.5206	1.596528	0.6876429	4.09431
1218	-2694.766	-3316.577	621.8114	1.493988	0.7655653	3.930346
1224	-2701.856	-3324.263	622.4076	1.53388	0.5957838	3.694407
1230	-2691.127	-3312.639	621.512	1.534663	0.5630747	4.23443
1236	-2688.311	-3309.097	620.7864	1.580046	0.6744743	4.528793
1242	-2695.203	-3315.881	620.6782	1.272614	0.6706956	4.764537
1248	-2701.304	-3322.144	620.8398	1.489176	0.7228486	4.514405
1254	-2682.104	-3304.462	622.358	1.554413	0.6100624	3.699296
1260	-2681.083	-3303.465	622.3816	1.690103	0.5687659	3.642307
1266	-2673.713	-3296.618	622.9056	1.743114	0.6053299	3.273405
1272	-2664.972	-3287.357	622.3851	1.624876	0.4200042	3.821644
1278	-2660.248	-3282.633	622.3851	1.624876	0.4200042	3.821644
1284	-2668.71	-3290.672	621.9621	1.503281	0.5692159	3.990809
1290	-2706.165	-3328.688	622.5227	1.575362	0.6023716	3.598129
1296	-2690.695	-3313.75	623.0549	1.828195	0.6343658	3.109972
1302	-2666.407	-3287.457	621.05	1.565342	0.7119826	4.360899
1308	-2674.43	-3296.504	622.0739	1.570212	0.7786142	3.726454
1314	-2688.794	-3310.7	621.9065	1.548578	0.58529	3.982943
1320	-2673.61	-3296.141	622.531	1.588247	0.5281781	3.651168
1326	-2674.609	-3296.191	621.5825	1.588247	0.6516336	4.091331
1332	-2670.94	-3292.479	621.5388	1.57488	0.7739693	4.034164
1338	-2674.276	-3295.326	621.0506	1.466776	0.6365737	4.473024
1344	-2693.499	-3313.42	619.921	1.406248	0.6365737	5.137312
1350	-2671.643	-3293.225	621.5814	1.535172	0.5606478	4.196873
1356	-2677.855	-3299.351	621.4961	1.48947	0.6513197	4.196873
1362	-2674.054	-3295.074	621.0195	1.520755	0.4088833	4.666872
1368	-2679.219	-3299.8	620.5818	1.48274	0.4203912	4.920383
1374	-2660.284	-3282.272	621.9886	1.56262	0.6006309	3.915028
1380	-2681.892	-3304.031	622.1397	1.684453	0.6063364	3.753353
1386	-2692.023	-3313.964	621.9409	1.601714	0.6496744	3.88023
1392	-2693.737	-3315.621	621.8847	1.582003	0.7066731	3.88023
1398	-2698.089	-3320.512	622.4235	1.608528	0.5949048	3.642736
1404	-2680.044	-3302.34	622.2965	1.681483	0.6973704	3.592071
1410	-2687.598	-3309.874	622.2762	1.546382	0.6580846	3.712419
1416	-2678.361	-3300.887	622.5257	1.642292	0.6308603	3.533831
1422	-2691.497	-3313.279	621.782	1.61706	0.7608876	3.879956
1428	-2687.796	-3310.641	622.8447	1.664182	0.6637835	3.307645
1434	-2707.455	-3330.231	622.776	1.732957	0.6637835	3.307645
1440	-2707.497	-3330.627	623.1304	1.833463	0.6950867	3.012633
1446	-2688.874	-3312.737	623.8627	1.782104	0.5209655	2.752993
1452	-2693.316	-3316.301	622.9848	1.794718	0.5392457	3.254843
1458	-2699.3	-3322.618	623.3175	1.723913	0.5495829	3.089832
1464	-2690.623	-3312.96	622.3363	1.63857	0.6511048	3.629749
1470	-2690.86	-3312.861	622.0009	1.568864	0.5774398	3.923966
1476	-2691.543	-3313.37	621.8267	1.561009	0.6898929	3.93806
1482	-2684.197	-3305.855	621.6581	1.561009	0.6236622	4.085969
1488	-2668.373	-3289.312	620.9395	1.49775	0.577701	4.565762
1494	-2667.225	-3289.133	621.9079	1.645537	0.5981381	3.915838
1500	-2658.87	-3280.975	622.1047	1.580824	0.5798833	3.855478
1506	-2669.737	-3292.423	622.6866	1.697832	0.665969	3.37912
1512	-2672.757	-3295.573	622.8161	1.622604	0.6536682	3.357063
1518	-2682.308	-3305.751	623.4424	1.757107	0.488109	3.054644
1524	-2663.157	-3286.424	623.2673	1.736615	0.6144499	3.054644
1530	-2689.97	-3313.242	623.2715	1.818463	0.5601741	3.051112
1536	-2678	-3300.714	622.7143	1.744693	0.7341446	3.283036
1542	-2677.314	-3299.354	622.0405	1.609161	0.5750834	3.880184
1548	-2677.668	-3298.614	620.9457	1.451834	0.7079652	4.486615
1554	-2686.166	-3308.611	622.4449	1.480876	0.5232813	3.767489
1560	-2682.425	-3304.414	621.988	1.601454	0.549566	3.936956
1566	-2679.646	-3302.545	622.8992	1.742648	0.549566	3.326534
1572	-2669.915	-3293.681	623.7666	1.835022	0.4957464	2.804453
1578	-2669.301	-3292.175	622.8742	1.710776	0.7220999	3.2176
1584	-2681.382	-3303.625	622.243	1.600415	0.5226302	3.815524
1590	-2675.697	-3297.855	622.1583	1.62558	0.6245062	3.761634
1596	-2697.852	-3320.12	622.2683	1.570933	0.6245062	3.729685
1602	-2679.718	-3302.488	622.7708	1.676446	0.5631579	3.428508
1608	-2672.076	-3295.23	623.1539	1.791967	0.5461002	3.149924
1614	-2676.229	-3299.233	623.0036	1.773996	0.6701145	3.143637
1620	-2677.262	-3299.579	622.3176	1.528034	0.6007311	3.745652
1626	-2670.515	-3293.018	622.5026	1.629713	0.6152834	3.567465
1632	-2686.047	-3309.653	623.6061	1.854847	0.6141519	2.779067
1638	-2690.795	-3315.19	624.3947	1.852556	0.477549	2.42409
1644	-2684.605	-3307.973	623.3678	1.852231	0.6052846	2.932824
1650	-2694.16	-3315.507	621.3471	1.549117	0.6693279	4.233652
1656	-2683.695	-3306.712	623.0178	1.553664	0.4878138	3.426298
1662	-2683.567	-3305.997	622.4301	1.711	0.6144575	3.563031
1668	-2677.757	-3300.405	622.6482	1.711	0.6400989	3.414649
1674	-2677.473	-3301.036	623.5632	1.78578	0.5695655	2.886824
1680	-2693.064	-3316.108	623.0439	1.821269	0.6315458	3.12299
1686	-2701.246	-3324.085	622.8385	1.849988	0.559388	3.290149
1692	-2694.554	-3317.687	623.1329	1.864886	0.5880434	3.081209
1698	-2699.438	-3322.84	623.4018	1.887713	0.5872026	2.906857
1704	-2684.887	-3308.181	623.2937	1.869726	0.5872026	2.982798
1710	-2678.891	-3301.269	622.3785	1.750749	0.5227075	3.650448
1716	-2678.568	-3300.866	622.2982	1.617071	0.693421	3.631432
1722	-2688.714	-3311.61	622.8959	1.711878	0.693421	3.226012
1728	-2679.324	-3302.19	622.8658	1.788244	0.6471348	3.235375
1734	-2682.701	-3305.899	623.1973	1.792221	0.6238882	3.055237
1740	-2683.237	-3306.462	623.2247	1.782612	0.6146089	3.052457
1746	-2677.618	-3300.251	622.6328	1.793673	0.760611	3.282846
1752	-2696.72	-3319.833	623.113	1.656087	0.6903528	3.13265
1758	-2705.683	-3328.423	622.7408	1.73758	0.6703463	3.32044
1764	-2708.836	-3331.735	622.8983	1.754894	0.6676365	3.219393
1770	-2687.264	-3309.625	622.361	1.604076	0.6676365	3.622427
1776	-2678.407	-3300.27	621.8631	1.619723	0.731149	3.853022
1782	-2685.534	-3307.449	621.9144	1.619723	0.5680971	3.952418
1788	-2692.577	-3314.23	621.653	1.521527	0.6383474	4.099606
1794	-2697.5	-3318.921	621.4209	1.477677	0.5914573	4.294257
1800	-2698.011	-3319.727	621.7164	1.647521	0.6271006	4.000566
1806	-2701.934	-3324.842	622.9085	1.746421	0.653434	3.22974
1812	-2697.462	-3320.309	622.847	1.695674	0.7020017	3.257857
1818	-2683.928	-3307.251	623.3224	1.716327	0.5601479	3.081758
1824	-2689.086	-3311.167	622.0814	1.623531	0.6494854	3.787038
1830	-2697.907	-3320.306	622.3991	1.623531	0.6494854	3.60332
1836	-2695.356	-3317.998	622.6416	1.703054	0.6639448	3.404056
1842	-2691.912	-3314.278	622.3658	1.653611	0.6032667	3.643012
1848	-2706.876	-3330.459	623.5838	1.785547	0.4614341	2.980252
1854	-2707.08	-3330.905	623.8243	1.901037	0.5168455	2.707783
1860	-2686.434	-3310.178	623.7435	2.052007	0.7357712	2.471875
1866	-2676.248	-3300.432	624.1835	1.979343	0.5646512	2.38894
1872	-2683.724	-3307.494	623.7708	1.878094	0.6204417	2.658417
1878	-2685.276	-3308.322	623.0461	1.759111	0.6450447	3.14747
1884	-2699.636	-3321.696	622.0601	1.583948	0.6412067	3.828656
1890	-2710.204	-3333.38	623.1758	1.673661	0.5705059	3.185013
1896	-2705.452	-3327.762	622.3105	1.711729	0.6107168	3.635159
1902	-2668.694	-3290.822	622.1278	1.682456	0.5643602	3.797157
1908	-2685.383	-3307.587	622.2032	1.592116	0.7382807	3.667642
1914	-2689.563	-3311.081	621.5176	1.589451	0.5964861	4.171902
1920	-2672.636	-3294.552	621.9166	1.662856	0.6775932	3.837393
1926	-2684.888	-3306.739	621.8507	1.646459	0.6183109	3.931439
1932	-2685.514	-3307.945	622.4308	1.631504	0.7181614	3.527368
1938	-2678.085	-3300.247	622.1625	1.643222	0.6368254	3.739056
1944	-2695.666	-3316.69	621.0246	1.403762	0.6496238	4.512904
1950	-2693.057	-3313.351	620.2938	1.513899	0.8526126	4.719737
1956	-2700.822	-3322.419	621.5967	1.481346	0.7004385	4.107013
1962	-2699.63	-3320.277	620.647	1.45377	0.6404329	4.703784
1968	-2708.094	-3328.236	620.1423	1.437303	0.6829738	4.962294
1974	-2690.663	-3313.156	622.4921	1.676963	0.5547912	3.598143
1980	-2686.744	-3308.925	622.1808	1.681422	0.7668622	3.608433
1986	-2692.708	-3315.144	622.4356	1.614852	0.7668622	3.498928
1992	-2689.251	-3311.199	621.9486	1.590065	0.7030683	3.841568
1998	-2682.677	-3304.523	621.846	1.583976	0.7030683	3.904001
2004	-2703.716	-3325.589	621.873	1.679332	0.8270767	3.746528
2010	-2703.924	-3325.99	622.066	1.604567	0.6158964	3.833907
2016	-2693.021	-3314.611	621.5903	1.620602	0.824915	3.944186
2022	-2708.209	-3329.549	621.3407	1.739752	0.8539372	3.999881
2028	-2711.199	-3334.669	623.4698	1.802289	0.5976028	2.908145
2034	-2699.602	-3321.508	621.9066	1.605972	0.6116919	3.928029
2040	-2693.454	-3316.046	622.5921	1.642174	0.7079322	3.434658
2046	-2692.433	-3314.521	622.0886	1.604897	0.4724698	3.94935
2052	-2686.521	-3308.447	621.9261	1.595841	0.5797845	3.94935
2058	-2698.002	-3320.671	622.6698	1.589036	0.4857759	3.61051
2064	-2710.826	-3334.269	623.4426	1.715419	0.5656394	3.005402
2070	-2694.138	-3317.601	623.463	1.838974	0.5507069	2.932569
2076	-2683.459	-3306.297	622.838	1.66291	0.768946	3.232854
2082	-2690.841	-3313.237	622.3953	1.531075	0.5401919	3.75174
2088	-2699.065	-3321.667	622.6017	1.536158	0.5401919	3.629397
2094	-2687.635	-3310.615	622.9798	1.682664	0.5255402	3.336637
2100	-2685.036	-3307.506	622.4707	1.73673	0.9442506	3.289728
2106	-2687.288	-3309.232	621.9437	1.68451	0.9594385	3.61918
2112	-2679.253	-3301.235	621.9828	1.540908	0.6535375	3.888031
2118	-2663.226	-3285.375	622.1492	1.66045	0.77469	3.633422
2124	-2668.297	-3291.118	622.8206	1.53375	0.4265596	3.61566
2130	-2670.848	-3292.124	621.2763	1.555833	0.6666404	4.272039
2136	-2675.326	-3296.469	621.1424	1.486437	0.4827971	4.542862
2142	-2672.222	-3294.432	622.2104	1.471754	0.5683956	3.8673
2148	-2669.32	-3291.145	621.8252	1.64766	0.7516805	3.844026
2154	-2690.867	-3314.045	623.1781	1.56883	0.4785846	3.332508
2160	-2692.276	-3314.832	622.5561	1.636427	0.5353701	3.602056
2166	-2686.474	-3309.874	623.3995	1.636427	0.579258	3.066221
2172	-2690.615	-3313.55	622.9348	1.672615	0.7644257	3.173024
2178	-2696.244	-3319.575	623.3309	1.65752	0.4407107	3.229228
2184	-2705.553	-3326.497	620.9443	1.578519	0.9312989	4.26915
2190	-2667.916	-3290.422	622.5056	1.657485	0.7160846	3.470142
2196	-2670.984	-3292.094	621.1101	1.413223	0.5772209	4.517847
2202	-2667.395	-3288.801	621.4059	1.471474	0.8736982	4.103166
2208	-2671.134	-3292.646	621.5117	1.577608	0.7062526	4.096315
2214	-2666.895	-3289.477	622.5821	1.577608	0.67527	3.503236
2220	-2675.896	-3298.127	622.2312	1.583256	0.67527	3.70372
2226	-2690.908	-3313.139	622.2305	1.583256	0.6971479	3.687441
2232	-2688.896	-3310.699	621.8038	1.635425	0.6777614	3.917765
2238	-2680.064	-3302.292	622.2278	1.522725	0.7427598	3.690327
2244	-2668.565	-3290.709	622.1443	1.616802	0.6394426	3.762687
2250	-2676.465	-3298.4	621.9342	1.641063	0.7837136	3.762687
2256	-2679.831	-3302.521	622.6893	1.576465	0.5418398	3.553622
2262	-2680.922	-3304.408	623.4861	1.787683	0.5598599	2.941115
2268	-2678.488	-3302.064	623.576	1.67659	0.5738209	2.941115
2274	-2660.377	-3282.906	622.5289	1.57564	0.6622589	3.545598
2280	-2676.174	-3298.38	622.2061	1.525427	0.4726509	3.927426
2286	-2689.015	-3312.261	623.246	1.723683	0.5399427	3.141526
2292	-2675.155	-3298.87	623.7147	1.943472	0.8009945	2.50813
2298	-2686.132	-3310.156	624.0247	1.755696	0.543862	2.64755
2304	-2691.622	-3314.161	622.5396	1.562945	0.5724204	3.621227
2310	-2681.352	-3303.123	621.7712	1.58045	0.5121185	4.106686
2316	-2674.654	-3296.033	621.3794	1.55225	0.6763747	4.208226
2322	-2677.123	-3298.086	620.9621	1.505888	0.5628049	4.561134
2328	-2682.204	-3302.636	620.4321	1.47772	0.7960497	4.699181
2334	-2679.264	-3300.31	621.0453	1.433972	0.6243246	4.50412
2340	-2686.306	-3307.404	621.0976	1.546564	0.5152013	4.50412
2346	-2701.494	-3322.386	620.8928	1.657077	0.5757579	4.50412
2352	-2706.694	-3329.369	622.6745	1.728079	0.6324894	3.395449
2358	-2698.77	-3322.399	623.6288	1.856399	0.4599203	2.912036
2364	-2685.557	-3308.755	623.1982	1.814552	0.6168837	3.047295
2370	-2675.476	-3298.458	622.9818	1.799796	0.7325593	3.092883
2376	-2683.317	-3306.259	622.9421	1.784492	0.8903247	3.015391
2382	-2691.002	-3314.04	623.0377	1.820626	0.5574469	3.191509
2388	-2676.441	-3300.118	623.6766	1.851599	0.6150441	2.737239
2394	-2697.403	-3319.766	622.3627	1.797646	0.7489005	3.447595
2400	-2715.375	-3335.851	620.4759	1.331834	0.6259815	4.878654
2406	-2709.726	-3328.608	618.8822	1.23763	0.6709539	5.776117
2412	-2679.479	-3303.044	623.5651	1.87566	0.539188	2.859503
2418	-2667.634	-3290.393	622.7589	1.649223	0.6941741	3.343195
2424	-2658.329	-3281.183	622.8532	1.554884	0.6941741	3.343195
2430	-2665.539	-3287.527	621.9878	1.617914	0.5797313	3.901406
2436	-2677.36	-3299.582	622.2225	1.584633	0.6068746	3.762697
2442	-2669.987	-3291.698	621.7109	1.64412	0.5543186	4.066732
2448	-2667.513	-3289.613	622.1008	1.604806	0.7775415	3.691682
2454	-2667.966	-3289.895	621.9284	1.683981	0.7775415	3.745541
2460	-2667.026	-3289.462	622.4353	1.737644	0.7913306	3.410087
2466	-2669.099	-3292.022	622.9223	1.788549	0.6854912	3.171077
2472	-2689.85	-3313.18	623.3304	1.584213	0.6083362	3.113188
2478	-2693.282	-3316.413	623.1307	1.623487	0.6098085	3.207186
2484	-2671.897	-3294.727	622.8299	1.815602	0.661162	3.229094
2490	-2672.799	-3294.711	621.9118	1.531649	0.6119413	3.967385
2496	-2673.662	-3294.857	621.1942	1.542632	0.7518857	4.263738
2502	-2683.956	-3306.085	622.129	1.556265	0.5466817	3.88461
2508	-2677.559	-3300.073	622.5137	1.6714	0.6226923	3.530614
2514	-2688.75	-3311.726	622.9762	1.667899	0.5681352	3.308524
2520	-2700.301	-3322.259	621.9578	1.618705	0.8228171	3.735398
2526	-2689.171	-3311.757	622.5858	1.768278	0.5525975	3.492432
2532	-2689.718	-3312.104	622.3862	1.478667	0.6225953	3.716435
2538	-2684.1	-3304.991	620.8909	1.399906	0.6217908	4.612001
2544	-2691.409	-3312.596	621.187	1.436527	0.77764	4.310109
2550	-2679.925	-3301.749	621.8238	1.620735	0.6577454	3.93016
2556	-2670.117	-3292.314	622.1974	1.585841	0.6364445	3.752304
2562	-2689.422	-3311.858	622.4367	1.699542	0.6130285	3.567034
2568	-2679.275	-3300.504	621.2294	1.468405	0.7296576	4.301567
2574	-2684.074	-3305.018	620.9446	1.468405	0.7296576	4.462277
2580	-2703.688	-3327.166	623.4779	1.835627	0.6177046	2.865554
2586	-2689.252	-3312.634	623.3819	1.70487	0.6884314	2.944059
2592	-2672.922	-3295.252	622.3294	1.648721	0.7313081	3.566693
2598	-2680.743	-3303.582	622.8389	1.622497	0.6214675	3.370072
2604	-2681.314	-3303.955	622.6411	1.53783	0.5079566	3.63547
2610	-2678.742	-3300.691	621.9497	1.502753	0.5055736	4.055354
2616	-2672.185	-3294.333	622.1482	1.631229	0.5055736	3.868248
2622	-2677.704	-3300.145	622.4416	1.54113	0.5819336	3.682396
2628	-2686.059	-3308.441	622.382	1.567409	0.5294922	3.748134
2634	-2675.105	-3297.302	622.1965	1.570721	0.748174	3.676814
2640	-2675.655	-3297.705	622.0501	1.598585	0.7100739	3.773069
2646	-2682.685	-3305.063	622.378	1.657239	0.8132457	3.475531
2652	-2678.259	-3300.907	622.6482	1.653214	0.6821714	3.415053
2658	-2687.467	-3309.965	622.4987	1.699153	0.6037888	3.538949
2664	-2688.692	-3310.831	622.1386	1.564715	0.5738811	3.850416
2670	-2704.92	-3327.063	622.1439	1.591425	0.6181054	3.794825
2676	-2673.222	-3295.097	621.8751	1.557554	0.6951126	3.908383
2682	-2672.054	-3293.815	621.7609	1.496259	0.5292377	4.144774
2688	-2680.543	-3301.895	621.3526	1.647579	0.7133211	4.141839
2694	-2695.79	-3318.167	622.377	1.588603	0.5964051	3.679978
2700	-2678.806	-3302.647	623.8412	1.698683	0.4955218	2.842176
2706	-2677.134	-3299.69	622.5556	1.709251	0.6070779	3.497082
2712	-2663.177	-3285.212	622.0352	1.586219	0.6991704	3.796916
2718	-2675.117	-3296.182	621.0652	1.573279	0.730287	4.334642
2724	-2689.741	-3311.466	621.7258	1.573279	0.5698574	4.085169
2730	-2692.721	-3315.68	622.9594	1.745777	0.552689	3.286401
2736	-2682.449	-3305.872	623.4232	1.693584	0.5808733	3.016411
2742	-2682.673	-3304.546	621.8729	1.670451	0.7208953	3.825746
2748	-2678.989	-3301.055	622.0654	1.628827	0.6092964	3.825746
2754	-2694.623	-3317.572	622.9491	1.661669	0.6075687	3.293834
2760	-2683.255	-3306.39	623.1349	1.748011	0.7675769	3.006372
2766	-2678.401	-3301.645	623.2432	1.905041	0.5710124	3.006372
2772	-2688.603	-3310.784	622.1807	1.717247	0.7057747	3.632138
2778	-2698.031	-3321.049	623.0179	1.688973	0.6708195	3.185068
2784	-2707.386	-3330.413	623.0269	1.707745	0.6806206	3.160784
2790	-2699.711	-3322.846	623.1351	1.737274	0.7147181	3.052231
2796	-2702.664	-3325.181	622.5163	1.752084	0.5582904	3.537294
2802	-2687.597	-3310.218	622.6208	1.812434	0.6345553	3.375746
2808	-2691.62	-3314.061	622.4403	1.686971	0.6867723	3.513273
2814	-2678.311	-3300.49	622.1797	1.578514	0.7366821	3.690297
2820	-2681.428	-3304.591	623.1621	1.753485	0.5605329	3.154743
2826	-2680.135	-3303.215	623.0793	1.743806	0.623491	3.154743
2832	-2677.286	-3300.233	622.9474	1.769795	0.6958912	3.159194
2838	-2664.695	-3287.573	622.8779	1.783918	0.6961113	3.191896
2844	-2689.071	-3312.064	622.9927	1.714249	0.6633098	3.190991
2850	-2688.014	-3310.126	622.1124	1.666424	0.6515957	3.742769
2856	-2696.115	-3318.159	622.0436	1.666424	0.6519572	3.7822
2862	-2669.033	-3290.494	621.4609	1.547507	0.6747944	4.165819
2868	-2673.638	-3295.681	622.0425	1.592672	0.6195129	3.851285
2874	-2680.64	-3301.75	621.1101	1.558708	0.5738267	4.438816
2880	-2668.078	-3289.249	621.1711	1.479655	0.6138026	4.415976
2886	-2673.432	-3295.246	621.8142	1.59523	0.5890701	4.005876
2892	-2662.754	-3286.644	623.8896	1.743498	0.4717933	2.809935
2898	-2664.489	-3287.802	623.3127	1.744482	0.5038028	3.123959
2904	-2673.261	-3296.01	622.749	1.741072	0.6557251	3.325188
2910	-2676.82	-3299.742	622.922	1.680626	0.5824629	3.32026
2916	-2688.586	-3312.016	623.4302	1.692504	0.7007969	2.912622
2922	-2679.653	-3302.975	623.3215	1.812181	0.7195323	2.891418
2928	-2670.223	-3293.416	623.1928	1.778655	0.7075711	2.99839
2934	-2673.276	-3296.101	622.8247	1.778655	0.8025399	3.148299
2940	-2659.683	-3282.125	622.4422	1.627237	0.6864721	3.547166
2946	-2656.883	-3279.284	622.401	1.627237	0.5811631	3.656711
2952	-2666.363	-3288.496	622.1333	1.676168	0.7644034	3.640789
2958	-2656.674	-3279.584	622.9096	1.797346	0.6584703	3.194902
2964	-2657.98	-3280.236	622.2559	1.727923	0.5289246	3.728821
2970	-2682.246	-3304.673	622.4264	1.724962	0.6728578	3.510022
2976	-2680.213	-3302.667	622.454	1.617835	0.7341922	3.510022
2982	-2699.231	-3322.659	623.4278	1.751782	0.5674937	2.990782
2988	-2679.139	-3302.859	623.7205	1.80356	0.5339616	2.81396
2994	-2685.445	-3308.595	623.1493	1.78632	0.7768524	2.967953
3000	-2672.049	-3294.249	622.1994	1.600482	0.5661226	3.801583
3006	-2678.312	-3300.914	622.6018	1.764	0.673811	3.383855
3012	-2685.405	-3309.245	623.84	1.788516	0.5296688	2.754433
3018	-2674.192	-3297.783	623.5907	1.904633	0.5706846	2.79697
3024	-2690.402	-3313.469	623.0666	1.938094	0.6373589	3.034828
3030	-2680.557	-3303.57	623.0123	1.819675	0.6215124	3.151121
3036	-2676.759	-3300.198	623.4392	1.824455	0.6431349	2.874189
3042	-2700.571	-3324.037	623.4661	1.87724	0.8219159	2.687974
3048	-2690.207	-3313.685	623.4776	1.87724	0.7051357	2.768356
3054	-2694.901	-3318.032	623.1307	1.910824	0.716894	2.949038
3060	-2706.445	-3330.198	623.7525	1.77121	0.415871	2.936987
3066	-2686.256	-3309.456	623.1991	1.67066	0.6343148	3.117942
3072	-2691.062	-3313.972	622.9097	1.61188	0.5801405	3.369971
3078	-2704.079	-3327.091	623.0118	1.761952	0.8248261	3.03115
3084	-2723.198	-3345.705	622.5074	1.715173	0.5525411	3.569048
3090	-2701.298	-3323.421	622.1229	1.724463	0.6567872	3.69912
3096	-2704.242	-3325.703	621.4604	1.549494	0.6939987	4.150587
3102	-2699.568	-3322.29	622.7222	1.753761	0.7403358	3.268446
3108	-2717.946	-3340.372	622.4261	1.640069	0.7650427	3.491026
3114	-2690.66	-3312.403	621.7422	1.737812	0.7650427	3.830524
3120	-2687.294	-3311.094	623.8002	1.827397	0.5535762	2.732161
3126	-2682.178	-3305.523	623.3455	1.819156	0.5535762	3.012436
3132	-2682.305	-3305.94	623.6343	1.819156	0.5410062	2.850087
3138	-2681.684	-3304.662	622.978	1.793532	0.8023739	3.048121
3144	-2673.432	-3297.213	623.7814	1.586532	0.7509345	2.724908
3150	-2661.375	-3284.572	623.1964	1.853536	0.6993913	2.95757
3156	-2666.365	-3289.253	622.8871	1.700085	0.8222957	3.144218
3162	-2676.968	-3299.569	622.6014	1.641469	0.6869525	3.445623
3168	-2666.935	-3289.509	622.5737	1.673499	0.6836929	3.445623
3174	-2652.772	-3275.277	622.5055	1.573063	0.680401	3.546585
3180	-2660.861	-3283.427	622.5663	1.677979	0.5323039	3.574799
3186	-2676.551	-3298.871	622.32	1.697186	0.5258214	3.712385
3192	-2679.432	-3301.894	622.4616	1.662976	0.5807235	3.601228
3198	-2670.041	-3292.988	622.9472	1.711763	0.619812	3.255081
3204	-2716.682	-3338.858	622.1754	1.664494	0.5657876	3.778819
3210	-2715.958	-3337.273	621.3154	1.604727	0.885628	4.071333
3216	-2708.8	-3331.347	622.5471	1.642031	0.6738411	3.487234
3222	-2686.22	-3309.499	623.2792	1.773957	0.5632521	3.07032
3228	-2686.625	-3309.648	623.0228	1.883631	0.6658025	3.07032
3234	-2693.35	-3315.995	622.6447	1.886556	0.506294	3.431868
3240	-2709.148	-3331.85	622.7019	1.800752	0.716429	3.270548
3246	-2700.772	-3323.475	622.7027	1.81325	0.5559547	3.394736
3252	-2693.829	-3316.723	622.8944	1.799848	0.6686431	3.194272
3258	-2680.42	-3302.55	622.1302	1.79062	0.6251908	3.681965
3264	-2684.736	-3307.487	622.7504	1.776702	0.51518	3.425821
3270	-2705.51	-3328.929	623.4191	1.762993	0.6082401	2.953128
3276	-2717.237	-3340.123	622.8855	1.826288	0.7149872	3.147766
3282	-2699.606	-3322.409	622.8026	1.742865	0.6354038	3.309084
3288	-2687.179	-3310.265	623.0859	1.716102	0.5233142	3.256494
3294	-2690.2	-3312.82	622.62	1.539078	0.5732655	3.587636
3300	-2683.069	-3304.931	621.8621	1.686199	0.6165194	3.903591
3306	-2685.74	-3307.335	621.5943	1.704555	0.750777	3.944516
3312	-2693.013	-3315.615	622.6019	1.666661	0.7520883	3.381873
3318	-2676.273	-3298.696	622.4224	1.751947	0.6738308	3.495861
3324	-2686.54	-3307.462	620.9222	1.609319	0.503588	4.578056
3330	-2700.792	-3323.022	622.2295	1.63082	0.6181798	3.722693
3336	-2713.153	-3335.679	622.5266	1.675862	0.5600931	3.574023
3342	-2691.3	-3313.141	621.8415	1.559239	0.5880742	4.011669
3348	-2690.833	-3312.519	621.686	1.683936	0.6907699	3.94757
3354	-2673.874	-3296.694	622.8199	1.700437	0.6907699	3.279734
3360	-2665.806	-3288.713	622.9071	1.738681	0.5623022	3.312733
3366	-2667.466	-3289.962	622.4957	1.738681	0.7459318	3.40643
3372	-2663.919	-3286.395	622.4764	1.742049	0.6769769	3.467639
3378	-2667.332	-3289.988	622.6562	1.671463	0.6883972	3.39487
3384	-2684.926	-3308.172	623.2464	1.671463	0.5528383	3.160396
3390	-2690.73	-3314.571	623.8411	1.809925	0.5090029	2.761
3396	-2683.555	-3306.134	622.5787	1.809925	0.7574546	3.307431
3402	-2693.594	-3316.602	623.0083	1.809925	0.7183329	3.081772
3408	-2693.373	-3316.045	622.6722	1.687751	0.6121022	3.437301
3414	-2691.011	-3314.068	623.0568	1.71858	0.5967675	3.205861
3420	-2707.113	-3328.644	621.5308	1.56781	0.6199573	4.157522
3426	-2708.222	-3330.159	621.9371	1.621505	0.567626	3.938817
3432	-2695.678	-3318.035	622.3575	1.70849	0.6419172	3.584208
3438	-2680.66	-3303.631	622.9711	1.717042	0.5830748	3.269322
3444	-2680.054	-3301.938	621.8843	1.728691	0.9778071	3.617126
3450	-2669.385	-3292.225	622.84	1.693572	0.5357129	3.402833
3456	-2667.454	-3289.013	621.5584	1.693572	0.6982514	4.009436
3462	-2653.589	-3275.775	622.1858	1.691085	0.6142351	3.716358
3468	-2661.154	-3283.303	622.1491	1.533982	0.4992763	3.929459
3474	-2655.426	-3277.942	622.5162	1.648879	0.6309821	3.535456
3480	-2662.495	-3284.899	622.4039	1.753446	0.6365309	3.535456
3486	-2661.968	-3285.691	623.7238	1.801322	0.4996034	2.84702
3492	-2669.372	-3292.066	622.6942	1.758024	0.5206734	3.46446
3498	-2679.497	-3302.946	623.4494	1.758024	0.6630515	2.891662
3504	-2673.391	-3296.339	622.9485	1.775081	0.6639588	3.180617
3510	-2672.332	-3295.274	622.9424	1.827834	0.7736877	3.069382
3516	-2677.898	-3300.377	622.4787	1.742477	0.535757	3.5851
3522	-2675.127	-3298.058	622.9303	1.749644	0.6610938	3.20879
3528	-2669.092	-3292.005	622.9127	1.858673	0.6610097	3.154599
3534	-2668.386	-3291.135	622.7489	1.773106	0.7239814	3.253407
3540	-2684.232	-3308.431	624.1998	1.907013	0.6230418	2.370272
3546	-2688.137	-3311.279	623.1426	1.869443	0.6230418	3.042481
3552	-2674.348	-3297.271	622.9239	1.744948	0.5280711	3.330513
3558	-2675.914	-3298.843	622.9289	1.760499	0.5800935	3.271218
3564	-2668.967	-3291.755	622.7874	1.654736	0.5800935	3.416603
3570	-2666.605	-3288.838	622.2336	1.591563	0.5800935	3.774948
3576	-2655.985	-3276.887	620.9018	1.395969	0.5773978	4.644278
3582	-2683.832	-3304.66	620.8283	1.4695	0.5773978	4.644278
3588	-2691.006	-3313.035	622.0285	1.543868	0.5795594	3.920699
3594	-2712.408	-3335.256	622.8482	1.620232	0.6936689	3.308073
3600	-2687.863	-3310.146	622.2831	1.720534	0.752902	3.536137
3606	-2683.676	-3306.521	622.845	1.614624	0.7377249	3.280013
3612	-2687.295	-3310.275	622.9801	1.717824	0.717761	3.153896
3618	-2683.745	-3306.846	623.1006	1.717824	0.7323363	3.071082
3624	-2715.987	-3339.517	623.5302	1.767971	0.6873617	2.816976
3630	-2718.736	-3342.245	623.5084	1.780846	0.6941916	2.816976
3636	-2712.532	-3335.628	623.0953	1.805273	0.6941916	3.051268
3642	-2691.32	-3313.497	622.1778	1.759378	0.6494269	3.652938
3648	-2686.761	-3308.865	622.1046	1.745607	0.6170881	3.729429
3654	-2690.964	-3313.378	622.4138	1.708403	0.4461655	3.729429
3660	-2680.273	-3301.673	621.4006	1.677258	0.5782585	4.203767
3666	-2686.793	-3307.798	621.0056	1.582028	0.7413365	4.355562
3672	-2685.164	-3307.702	622.5377	1.648761	0.6819815	3.482438
3678	-2693.925	-3316.746	622.8219	1.663359	0.6652965	3.320372
3684	-2689.239	-3310.808	621.5687	1.483193	0.5833102	4.214253
3690	-2678.461	-3300.962	622.5016	1.678628	0.6024567	3.550289
3696	-2687.287	-3310.7	623.413	1.739395	0.6467684	2.938327
3702	-2687.388	-3308.337	620.9495	1.511574	0.8742811	4.338894
3708	-2700.626	-3322.638	622.0123	1.697655	0.660337	3.775647
3714	-2674.116	-3297.921	623.8047	1.906474	0.5876251	2.649285
3720	-2678.221	-3301.832	623.6102	1.915518	0.6121086	2.7413
3726	-2683.026	-3306.643	623.6167	1.958866	0.7921801	2.566078
3732	-2686.083	-3309.097	623.0143	1.636122	0.6960398	3.198721
3738	-2681.46	-3302.532	621.0718	1.535933	0.5695865	4.476815
3744	-2679.606	-3300.905	621.2984	1.516669	0.6319613	4.308647
3750	-2682.909	-3304.938	622.0289	1.655069	0.5821058	3.854475
3756	-2665.851	-3287.97	622.1188	1.67959	0.5472531	3.81913
3762	-2676.895	-3299.316	622.4215	1.674473	0.4981733	3.692828
3768	-2683.833	-3306.406	622.5734	1.708768	0.5839249	3.506751
3774	-2686.811	-3309.517	622.7052	1.73324	0.6488925	3.361022
3780	-2692.758	-3314.777	622.0188	1.586038	0.4868368	3.98611
3786	-2697.012	-3319.874	622.8624	1.637296	0.4821794	3.47381
3792	-2683.172	-3304.861	621.6891	1.599347	0.6166468	4.052081
3798	-2692.544	-3315.643	623.0988	1.877636	0.6921461	3.00742
3804	-2689.007	-3312.104	623.0967	1.796274	0.5796051	3.15108
3810	-2694.471	-3317.475	623.0043	1.860085	0.5629184	3.183001
3816	-2675.083	-3296.748	621.6648	1.660311	0.7881161	3.903447
3822	-2674.134	-3295.141	621.0067	1.6027	0.8172774	4.291562
3828	-2678.2	-3300.212	622.0128	1.6536	0.5799264	3.866441
3834	-2692.052	-3313.609	621.5569	1.469694	0.4319787	4.369255
3840	-2699.46	-3321.427	621.967	1.503011	0.5785678	3.9801
3846	-2684.362	-3306.22	621.8581	1.649425	0.5538504	3.9801
3852	-2700.272	-3323.272	623.0002	1.615003	0.3932452	3.500672
3858	-2695.783	-3318.804	623.0218	1.831503	0.6081443	3.149812
3864	-2681.379	-3303.391	622.012	1.589696	0.5664679	3.915169
3870	-2675.64	-3298.714	623.0734	1.762969	0.4894527	3.268991
3876	-2659.54	-3281.967	622.4265	1.653973	0.6116019	3.600618
3882	-2676.307	-3299.153	622.8456	1.787552	0.63249	3.259743
3888	-2684.159	-3306.768	622.6094	1.729545	0.63249	3.432709
3894	-2679.014	-3301.977	622.9624	1.778978	0.601434	3.221968
3900	-2698.407	-3320.696	622.2885	1.641687	0.7141574	3.607178
3906	-2701.1	-3324.965	623.8651	1.810126	0.5093256	2.745933
3912	-2703.302	-3326.128	622.8258	1.638516	0.725481	3.286322
3918	-2696.56	-3319.313	622.7534	1.738573	0.6056787	3.365361
3924	-2703.448	-3326.079	622.6309	1.697106	0.6840707	3.398008
3930	-2694.315	-3317.398	623.0829	1.730158	0.5947075	3.185302
3936	-2703.941	-3327.419	623.4783	1.871341	0.5293641	2.923989
3942	-2682.628	-3304.56	621.9314	1.478069	0.4922689	4.092409
3948	-2671.157	-3293.368	622.2104	1.597814	0.5992264	3.768494
3954	-2664.972	-3286.771	621.7987	1.597814	0.6377665	3.973395
3960	-2695.19	-3318.998	623.8076	1.828837	0.6602272	2.632032
3966	-2700.328	-3323.197	622.8694	1.833711	0.7586839	3.120302
3972	-2676.826	-3299.273	622.4471	1.794197	0.7102551	3.42878
3978	-2661.641	-3284.414	622.7733	1.726538	0.5372521	3.421153
3984	-2650.638	-3272.62	621.9827	1.57407	0.6962421	3.836305
3990	-2664.177	-3286.866	622.689	1.62742	0.6259079	3.451279
3996	-2665.738	-3288.842	623.1037	1.810843	0.6259079	3.098293
4002	-2658.601	-3282.585	623.9835	1.861133	0.5736903	2.579634
4008	-2660.275	-3283.812	623.5373	1.861133	0.5619897	2.863855
4014	-2687.685	-3311.322	623.6373	1.816523	0.5680086	2.824695
4020	-2664.547	-3287.957	623.4099	1.726494	0.5619897	3.021671
4026	-2683.81	-3306.651	622.8414	1.697914	0.455104	3.478039
4032	-2681.95	-3304.623	622.6729	1.663993	0.5801948	3.478039
4038	-2688.119	-3311.29	623.1712	1.721167	0.6861032	3.062488
4044	-2687.881	-3311.018	623.1364	1.783237	0.5792143	3.135591
4050	-2685.262	-3308.04	622.778	1.786185	0.635232	3.298191
4056	-2674.127	-3296.817	622.6901	1.724867	0.6347471	3.386348
4062	-2686.894	-3308.45	621.5552	1.49363	0.6128155	4.191554
4068	-2699.984	-3323.201	623.2174	1.541433	0.7307223	3.107864
4074	-2695.732	-3318.344	622.6129	1.653242	0.5958769	3.505857
4080	-2674.974	-3298.008	623.0345	1.677716	0.6101127	3.231814
4086	-2681.763	-3304.934	623.1709	1.660043	0.5269043	3.236008
4092	-2683.718	-3306.757	623.0393	1.681904	0.5764251	3.255654
4098	-2691.934	-3314.16	622.2259	1.589663	0.5644085	3.794059
4104	-2693.035	-3316.216	623.1808	1.783137	0.5889293	3.100632
4110	-2678.303	-3300.046	621.7423	1.589663	0.6648355	3.98907
4116	-2669.125	-3291.787	622.6629	1.736187	0.658604	3.376374
4122	-2688.633	-3311.867	623.2337	1.883587	0.5792204	3.017547
4128	-2693.399	-3317.419	624.0201	1.883587	0.7084166	2.425771
4134	-2689.19	-3313.561	624.3714	2.033414	0.4507389	2.353976
4140	-2679.662	-3303.293	623.6309	1.934724	0.6274423	2.703525
4146	-2674.17	-3297.821	623.6511	1.828096	0.5019841	2.872477
4152	-2675.116	-3298.542	623.4256	1.786331	0.6204035	2.92466
4158	-2672.925	-3295.932	623.0065	1.786331	0.5560028	3.231629
4164	-2685.115	-3308.097	622.9819	1.776697	0.5560028	3.251871
4170	-2694.437	-3315.325	620.8886	1.459695	0.543961	4.644537
4176	-2681.821	-3302.808	620.9872	1.436633	0.6170318	4.541094
4182	-2659.715	-3281.351	621.6361	1.522799	0.5850696	4.152004
4188	-2671.054	-3292.998	621.9435	1.522799	0.5850696	3.976741
4194	-2673.395	-3295.183	621.7876	1.560784	0.6686475	3.976741
4200	-2705.675	-3328.382	622.707	1.668393	0.8299907	3.264428
4206	-2710.602	-3333.406	622.8043	1.777315	0.7650615	3.18785
4212	-2665.975	-3287.895	621.9202	1.523378	0.6438736	3.941621
4218	-2680.923	-3302.74	621.817	1.523378	0.6446736	3.999975
4224	-2688.777	-3309.757	620.9799	1.52507	0.5935045	4.5146
4230	-2669.641	-3290.749	621.1086	1.417712	0.5790508	4.5146
4236	-2670.958	-3292.342	621.3835	1.442692	0.7360206	4.224312
4242	-2672.571	-3294.93	622.3586	1.585536	0.636203	3.659496
4248	-2665.353	-3287.769	622.4161	1.64775	0.7906424	3.474361
4254	-2663.805	-3286.379	622.5741	1.64775	0.7163875	3.435574
4260	-2672.156	-3295.784	623.6277	1.674449	0.5837946	2.902278
4266	-2672.341	-3296.154	623.8132	1.77238	0.4548857	2.856692
4272	-2680.636	-3304.622	623.9856	1.886324	0.4348179	2.704093
4278	-2671.133	-3294.775	623.6421	1.84626	0.5878835	2.78561
4284	-2668.181	-3291.838	623.6566	1.761769	0.5720151	2.842532
4290	-2678.278	-3299.273	620.9958	1.682248	0.7747489	4.281222
