Iteration	Posterior	Likelihood	Prior	rate_log_sd	rate_neo	tree_length
0	-2672.713	-3296.385	623.6721	1.944862	0.5769998	2.716901
6	-2670.356	-3294.04	623.6836	1.888998	0.6920107	2.645255
12	-2685.678	-3308.881	623.2037	1.888998	0.6920107	2.937627
18	-2675.596	-3299.352	623.7558	1.886201	0.6076894	2.673865
24	-2662.52	-3285.726	623.2057	1.957525	0.7064472	2.883689
30	-2664.286	-3287.07	622.7834	1.794413	0.6410124	3.285443
36	-2678.547	-3301.192	622.6453	1.64557	0.6366558	3.457441
42	-2670.03	-3293.339	623.3096	1.848823	0.5674894	3.003465
48	-2679.916	-3303.44	623.5246	1.907471	0.5660753	2.839668
54	-2670.45	-3293.215	622.7652	1.832905	0.6741231	3.246803
60	-2674.47	-3297.393	622.9232	1.767263	0.4935044	3.350934
66	-2697.948	-3320.915	622.9666	1.816555	0.8346178	3.018798
72	-2687.825	-3310.549	622.7237	1.805375	0.8308179	3.172921
78	-2679.813	-3302.836	623.0228	1.741774	0.6434682	3.172921
84	-2666.412	-3289.014	622.6019	1.741774	0.8408791	3.275799
90	-2674.893	-3297.407	622.5135	1.70065	0.6781976	3.469215
96	-2695.556	-3318.767	623.2114	1.652527	0.6781976	3.085734
102	-2683.942	-3306.457	622.5152	1.671116	0.700814	3.468064
108	-2695.63	-3317.341	621.7108	1.671116	0.6440939	3.976695
114	-2717.844	-3339.77	621.9254	1.584878	0.5721459	3.962564
120	-2727.98	-3349.604	621.624	1.613244	0.4358475	4.24608
126	-2709.452	-3331.883	622.4314	1.770078	0.6321079	3.51331
132	-2690.774	-3312.541	621.7669	1.611332	0.5332752	4.072224
138	-2689.928	-3312.468	622.54	1.716732	0.5016065	3.596393
144	-2708.076	-3331.185	623.1097	1.768198	0.5479323	3.188602
150	-2701.979	-3325.37	623.3903	1.610663	0.4901182	3.170892
156	-2697.725	-3321.142	623.4172	1.725513	0.4901182	3.086494
162	-2696.45	-3319.773	623.3239	1.821354	0.67316	2.921032
168	-2682.864	-3305.538	622.6739	1.652979	0.5882435	3.476948
174	-2688.72	-3310.989	622.2696	1.615108	0.5998852	3.723809
180	-2699.363	-3321.718	622.3557	1.615108	0.6270256	3.651524
186	-2705.59	-3327.054	621.4642	1.606256	0.7535952	4.072991
192	-2708.816	-3330.543	621.7265	1.622479	0.6437891	3.99581
198	-2700.212	-3321.866	621.6544	1.631261	0.6907602	3.99581
204	-2692.281	-3315.485	623.2034	1.722802	0.6466385	3.074116
210	-2717.367	-3339.239	621.8714	1.569772	0.5794839	3.99581
216	-2714.962	-3337.29	622.3282	1.668354	0.6293449	3.634692
222	-2694.806	-3317.48	622.6743	1.684586	0.6010461	3.44729
228	-2693.031	-3315.89	622.8586	1.639157	0.5106851	3.44729
234	-2685.854	-3308.348	622.4935	1.757212	0.6788709	3.44729
240	-2676.336	-3298.698	622.362	1.549888	0.698448	3.6296
246	-2692.857	-3314.646	621.7891	1.587004	0.6187823	4.000336
252	-2689.153	-3312.004	622.8514	1.794783	0.576877	3.29953
258	-2680.725	-3303.636	622.9115	1.714253	0.576877	3.311577
264	-2675.812	-3298.614	622.8016	1.698687	0.6652373	3.311577
270	-2674.829	-3297.505	622.6758	1.741556	0.6652373	3.360332
276	-2675.667	-3298.11	622.4433	1.71102	0.6183059	3.552129
282	-2674.697	-3298.564	623.8675	1.964827	0.5287956	2.630129
288	-2676.741	-3300.148	623.4071	1.942285	0.6613332	2.807039
294	-2669.499	-3292.302	622.8034	1.8108	0.6806323	3.232176
300	-2668.333	-3290.995	622.6615	1.8108	0.644406	3.344763
306	-2672.145	-3294.974	622.829	1.74903	0.644406	3.282517
312	-2672.969	-3295.856	622.887	1.799533	0.5892403	3.264907
318	-2668.954	-3291.8	622.8461	1.715861	0.6060399	3.323919
324	-2668.003	-3290.437	622.4338	1.715861	0.6430035	3.534664
330	-2670.888	-3293.583	622.6947	1.708365	0.5478465	3.468075
336	-2674.076	-3296.779	622.7033	1.783667	0.5461624	3.420583
342	-2675.323	-3296.679	621.3556	1.639936	0.8100848	4.077013
348	-2687.522	-3309.612	622.0906	1.686338	0.5354618	3.842072
354	-2671.431	-3294.295	622.8637	1.672486	0.5077173	3.427609
360	-2670.576	-3292.559	621.9826	1.755923	0.6834731	3.741245
366	-2674.602	-3295.998	621.3961	1.598505	0.7692296	4.105303
372	-2675.19	-3296.973	621.7829	1.66372	0.9358047	3.738533
378	-2670.399	-3292.248	621.8486	1.557578	0.6846339	3.931472
384	-2676.991	-3299.732	622.7408	1.794543	0.5953962	3.348671
390	-2690.474	-3313.997	623.5229	1.914502	0.5005385	2.89922
396	-2689.787	-3313.619	623.8325	1.827971	0.5005385	2.763732
402	-2678.391	-3300.697	622.306	1.639634	0.6897848	3.616594
408	-2680.795	-3303.191	622.396	1.766532	0.6095547	3.554634
414	-2686.504	-3309.351	622.8471	1.758767	0.7029861	3.21976
420	-2673.662	-3296.763	623.1017	1.839017	0.6370998	3.07332
426	-2679.343	-3302.224	622.8807	1.839017	0.6327858	3.208327
432	-2686.772	-3309.966	623.1941	1.827838	0.5392513	3.111035
438	-2677.434	-3300.602	623.1681	1.67212	0.6642243	3.111035
444	-2673.82	-3295.238	621.4177	1.542768	0.590299	4.26022
450	-2676.767	-3298.607	621.8399	1.538286	0.7041438	3.93289
456	-2661.457	-3283.492	622.0342	1.711924	0.6282384	3.780333
462	-2674.13	-3296.55	622.4205	1.644716	0.6282384	3.595773
468	-2690.181	-3311.853	621.6721	1.699113	0.6338191	3.990988
474	-2686.12	-3309.165	623.0453	1.819288	0.6338191	3.121435
480	-2687.75	-3310.617	622.8674	1.759833	0.595279	3.294637
486	-2691.822	-3314.988	623.1666	1.74149	0.8247927	2.950498
492	-2691.142	-3314.289	623.1472	1.777252	0.4935121	3.212863
498	-2698.492	-3321.789	623.2964	1.757485	0.5233729	3.106994
504	-2696.163	-3319.395	623.2318	1.770701	0.5378572	3.123948
510	-2679.801	-3302.048	622.2474	1.660587	0.5872817	3.720991
516	-2663.971	-3285.907	621.9365	1.619175	0.66345	3.861955
522	-2664.364	-3286.983	622.6192	1.630846	0.5396923	3.564705
528	-2675.908	-3298.744	622.8356	1.723501	0.5199056	3.402642
534	-2663.37	-3285.971	622.601	1.752341	0.6593105	3.402642
540	-2670.55	-3293.456	622.9065	1.823225	0.7639086	3.100649
546	-2682.118	-3304.324	622.2059	1.644892	0.6801668	3.678941
552	-2656.468	-3278.782	622.3141	1.668558	0.5922646	3.673572
558	-2657.983	-3280.611	622.6284	1.635023	0.6567558	3.457296
564	-2659.431	-3281.806	622.3759	1.738118	0.6035662	3.587887
570	-2658.358	-3280.396	622.0374	1.738118	0.635838	3.757289
576	-2659.552	-3282.171	622.619	1.818697	0.7042185	3.318072
582	-2652.128	-3274.885	622.7569	1.664085	0.6912672	3.337865
588	-2648.872	-3272.15	623.2773	1.946455	0.5641871	2.967255
594	-2652.954	-3276.594	623.6398	1.878354	0.5641871	2.789066
600	-2669.561	-3293.179	623.6179	1.895379	0.6276462	2.735443
606	-2663.478	-3286.084	622.6058	1.7741	0.6853541	3.366543
612	-2672.813	-3295.597	622.7834	1.740082	0.7235827	3.252806
618	-2673.625	-3297.033	623.4084	1.740082	0.5573459	3.018654
624	-2681.089	-3304.356	623.2666	1.838528	0.5573459	3.044656
630	-2682.082	-3305.451	623.3694	1.807717	0.5678743	2.991901
636	-2679.29	-3302.98	623.6909	1.84896	0.4336503	2.907429
642	-2673.076	-3297.043	623.9669	1.88096	0.4336503	2.720112
648	-2700.537	-3323.503	622.9664	1.82378	0.5079155	3.278185
654	-2679.807	-3302.768	622.962	1.831524	0.6999527	3.110685
660	-2689.38	-3312.465	623.0852	1.831524	0.6097673	3.110685
666	-2689.38	-3312.727	623.3469	1.780888	0.5201739	3.065949
672	-2679.94	-3302.915	622.9748	1.783724	0.7460198	3.096617
678	-2661.013	-3283.583	622.5697	1.783724	0.6753277	3.389943
684	-2672.913	-3296.032	623.1188	1.935108	0.7344929	2.92813
690	-2679.284	-3302.25	622.9661	1.856998	0.7908662	3.025424
696	-2663.989	-3287.005	623.0165	1.856998	0.6969412	3.065278
702	-2667.521	-3291.069	623.5475	1.841033	0.572765	2.85993
708	-2661.177	-3284.932	623.7554	1.862423	0.6354346	2.664556
714	-2648.342	-3271.276	622.9334	1.692597	0.6354346	3.261583
720	-2664.902	-3288.026	623.1235	1.714952	0.6216916	3.147131
726	-2665.94	-3288.572	622.6324	1.714952	0.6780935	3.391294
732	-2670.463	-3292.171	621.7081	1.667747	0.5749587	4.03698
738	-2683.515	-3306.167	622.652	1.576518	0.7163841	3.431645
744	-2686.969	-3309.5	622.5314	1.571488	0.5516258	3.639374
750	-2687.367	-3309.477	622.11	1.617045	0.5620703	3.847051
756	-2672.682	-3295.589	622.9074	1.707217	0.5992532	3.298676
762	-2679.876	-3302.649	622.7733	1.737855	0.6732711	3.29879
768	-2673.296	-3296.082	622.7864	1.759989	0.6288232	3.313989
774	-2680.237	-3303.854	623.6168	1.846145	0.4816605	2.902884
780	-2678.604	-3302.16	623.5561	1.897898	0.6423021	2.759157
786	-2682.874	-3305.473	622.5998	1.691096	0.641677	3.453318
792	-2684.532	-3306.547	622.0155	1.593078	0.6192714	3.866777
798	-2685.016	-3306.95	621.9339	1.512304	0.6192714	3.959833
804	-2688.513	-3309.912	621.3991	1.433465	0.6308615	4.299642
810	-2688.24	-3310.042	621.8021	1.547847	0.7013058	3.951142
816	-2693.384	-3314.762	621.3777	1.521421	0.7482042	4.174278
822	-2677.816	-3298.902	621.086	1.522205	0.6729155	4.393836
828	-2684.018	-3305.725	621.7067	1.545478	0.6729155	4.02845
834	-2667.573	-3289.623	622.0505	1.495735	0.535017	3.974727
840	-2665.555	-3289.183	623.6278	1.701988	0.535017	2.930582
846	-2662.266	-3285.433	623.1676	1.808255	0.7958399	2.930091
852	-2668.322	-3291.302	622.9802	1.877224	0.7829829	3.010511
858	-2674.438	-3297.817	623.3789	1.729734	0.6586973	2.954842
864	-2688.066	-3311.571	623.5045	1.801198	0.6119848	2.875288
870	-2691.745	-3315.007	623.2612	1.739242	0.6248066	3.047929
876	-2690.973	-3314.53	623.5574	1.924272	0.6620742	2.725649
882	-2670.309	-3294.048	623.7397	1.81679	0.6084935	2.725649
888	-2682.125	-3305.322	623.1962	1.778309	0.6084935	3.077306
894	-2682.319	-3305.351	623.0317	1.832563	0.5755316	3.171759
900	-2681.585	-3305.644	624.0588	1.864889	0.4078331	2.703085
906	-2672.682	-3296.713	624.0311	1.864889	0.4225871	2.703085
912	-2684.077	-3307.247	623.1695	1.877859	0.570656	3.067062
918	-2697.239	-3319.098	621.8594	1.558567	0.5757254	4.012271
924	-2683.889	-3304.811	620.9217	1.549067	0.584834	4.540979
930	-2690.815	-3312.611	621.7962	1.497103	0.5654295	4.092234
936	-2667.985	-3290.627	622.6426	1.552534	0.6302027	3.518601
942	-2674.398	-3296.872	622.4747	1.57614	0.5347805	3.684742
948	-2672.383	-3294.245	621.8618	1.581638	0.6589637	3.92982
954	-2665.435	-3287.816	622.3803	1.694203	0.636912	3.583323
960	-2676.537	-3299.403	622.8666	1.65322	0.6075434	3.347422
966	-2691.81	-3314.119	622.3099	1.63272	0.6495589	3.649707
972	-2678.859	-3301.636	622.7762	1.684428	0.6293098	3.364017
978	-2671.557	-3294.196	622.6395	1.630752	0.5479706	3.545438
984	-2682.361	-3304.242	621.8804	1.597797	0.5347148	4.013899
990	-2693.978	-3316.241	622.263	1.673536	0.7078492	3.60825
996	-2690.249	-3313.122	622.8729	1.718734	0.718705	3.216189
1002	-2690.96	-3313.738	622.7779	1.748806	0.5900039	3.358349
1008	-2694.225	-3316.174	621.949	1.753884	0.6115605	3.818891
1014	-2679.873	-3303.272	623.3994	1.804987	0.6115605	2.936792
1020	-2668.018	-3291.283	623.2655	1.802711	0.5813163	3.045107
1026	-2677.848	-3300.853	623.0048	1.747514	0.5926083	3.223091
1032	-2664.969	-3288.592	623.6236	1.846303	0.5848759	2.799567
1038	-2680.238	-3303.738	623.5001	1.934534	0.6592351	2.756788
1044	-2681.384	-3304.83	623.4461	1.999361	0.7412302	2.684777
1050	-2692.01	-3315.79	623.7801	2.034522	0.6423198	2.536788
1056	-2685.861	-3309.542	623.6811	1.879977	0.6065908	2.724523
1062	-2678.206	-3301.005	622.7988	1.811084	0.6065908	3.295205
1068	-2678.076	-3301.022	622.9458	1.72727	0.6065908	3.257946
1074	-2684.833	-3307.211	622.3779	1.601405	0.7833149	3.528783
1080	-2677.067	-3299.272	622.2041	1.60093	0.7408215	3.660181
1086	-2675.753	-3296.982	621.229	1.619643	0.5853186	4.327642
1092	-2688.101	-3309.253	621.1522	1.579539	0.6169966	4.367708
1098	-2684.039	-3305.908	621.8689	1.579539	0.4938961	4.068655
1104	-2689.82	-3312.291	622.4702	1.777659	0.6377789	3.481624
1110	-2690.877	-3312.274	621.3968	1.589289	0.719015	4.145686
1116	-2676.642	-3299.498	622.856	1.756891	0.719015	3.203384
1122	-2670.636	-3294.216	623.5798	1.871569	0.48769	2.903705
1128	-2666.636	-3289.722	623.0853	1.760126	0.5792753	3.179582
1134	-2680.038	-3303.103	623.0649	1.804352	0.7450644	3.031153
1140	-2669.439	-3293.418	623.9795	1.800574	0.5166142	2.674396
1146	-2661.375	-3284.322	622.9465	1.727246	0.5789626	3.281457
1152	-2659.864	-3282.743	622.8791	1.718329	0.5105873	3.388982
1158	-2670.505	-3292.608	622.1028	1.664971	0.6097472	3.783002
1164	-2661.188	-3282.547	621.3588	1.596391	0.760078	4.134088
1170	-2670.851	-3293.635	622.7835	1.64479	0.6771738	3.344506
1176	-2675.869	-3298.833	622.9643	1.68281	0.4725442	3.397175
1182	-2677.221	-3299.851	622.6308	1.628531	0.6036178	3.503255
1188	-2682.829	-3304.254	621.4254	1.650797	0.5672517	4.214073
1194	-2680.6	-3302.407	621.8071	1.624546	0.4540704	4.117106
1200	-2675.77	-3298.234	622.4642	1.526011	0.576561	3.682691
1206	-2670.206	-3291.521	621.315	1.569619	0.7834853	4.158098
1212	-2675.968	-3297.5	621.5317	1.506585	0.7159175	4.118262
1218	-2680.046	-3301.275	621.2289	1.370586	0.5498821	4.498344
1224	-2698.101	-3319.234	621.1322	1.501444	0.644978	4.400914
1230	-2697.976	-3318.963	620.9864	1.451533	0.6550697	4.503379
1236	-2707.857	-3330.158	622.3005	1.554137	0.6135911	3.729712
1242	-2704.634	-3327.171	622.5366	1.659263	0.6158608	3.529973
1248	-2689.732	-3312.195	622.4633	1.752854	0.5981549	3.533024
1254	-2662.753	-3285.004	622.2515	1.71119	0.6280111	3.655396
1260	-2664.036	-3285.946	621.9098	1.599558	0.5526487	3.980112
1266	-2676.907	-3299.334	622.4267	1.694807	0.6951221	3.510214
1272	-2671.776	-3293.575	621.7986	1.694807	0.7561557	3.829054
1278	-2675.371	-3297.746	622.3752	1.597911	0.5609638	3.706185
1284	-2675.626	-3298.304	622.6773	1.827481	0.6091621	3.354868
1290	-2690.982	-3314.764	623.7823	1.725366	0.4551075	2.90363
1296	-2670.532	-3293.206	622.6744	1.669035	0.6418254	3.422461
1302	-2692.169	-3314.881	622.7121	1.644734	0.4949525	3.544595
1308	-2688.446	-3310.983	622.5376	1.584653	0.5394086	3.63917
1314	-2677.877	-3299.456	621.5787	1.75895	0.9181566	3.81209
1320	-2687.045	-3308.97	621.9252	1.709473	0.8330063	3.695008
1326	-2681.911	-3303.426	621.5154	1.623296	0.7127793	4.063384
1332	-2687.89	-3310.375	622.4852	1.691967	0.6316753	3.527864
1338	-2692.245	-3315.468	623.223	1.740393	0.5693458	3.11835
1344	-2690.655	-3313.694	623.0391	1.619896	0.5898902	3.280606
1350	-2684.289	-3306.803	622.5144	1.596304	0.5047572	3.678064
1356	-2682.304	-3304.912	622.6081	1.775865	0.7796048	3.294307
1362	-2687.923	-3310.667	622.7435	1.849475	0.7381782	3.200842
1368	-2692.561	-3315.788	623.2266	1.847699	0.5284158	3.090036
1374	-2684.015	-3307.544	623.5287	1.847699	0.5284158	2.908745
1380	-2672.866	-3296.364	623.4976	1.80262	0.4887437	2.993667
1386	-2673.635	-3296.882	623.2478	1.80262	0.6116143	3.029272
1392	-2677.41	-3300.866	623.456	1.761572	0.5505434	2.98348
1398	-2675.351	-3298.264	622.9137	1.761572	0.6689657	3.205278
1404	-2679.184	-3302.545	623.3609	1.642489	0.5451697	3.116592
1410	-2677.788	-3301.423	623.6356	1.802574	0.5903414	2.813967
1416	-2669.594	-3293.349	623.7553	1.830943	0.4913654	2.818229
1422	-2679.296	-3302.667	623.371	1.655464	0.5625185	3.086886
1428	-2692.317	-3314.183	621.8663	1.527621	0.5625185	4.037417
1434	-2693.707	-3315.722	622.0146	1.624277	0.7090742	3.779429
1440	-2704.154	-3326.355	622.2014	1.651146	0.5479058	3.787365
1446	-2701.587	-3323.556	621.9686	1.642994	0.719669	3.787365
1452	-2697.496	-3320.033	622.5365	1.718146	0.5673642	3.537254
1458	-2686.495	-3310.322	623.8264	1.858725	0.5364903	2.71321
1464	-2676.852	-3300.222	623.3696	1.775636	0.5153089	3.060248
1470	-2677.081	-3300.002	622.9214	1.791049	0.7079418	3.152741
1476	-2678.128	-3301.708	623.5802	1.846732	0.6385384	2.778822
1482	-2669.352	-3293.088	623.7364	1.865735	0.5517986	2.749384
1488	-2678.988	-3303.606	624.6176	2.025608	0.3798282	2.287074
1494	-2669.601	-3293.056	623.455	1.750355	0.613911	2.934211
1500	-2672.5	-3294.257	621.7565	1.642815	0.7812258	3.865652
1506	-2656.468	-3278.77	622.3021	1.641209	0.6946867	3.614222
1512	-2658.14	-3281.167	623.0271	1.750366	0.6361366	3.171302
1518	-2660.399	-3283.408	623.0093	1.884963	0.6361366	3.101844
1524	-2672.059	-3295.357	623.2971	1.867289	0.7172344	2.874647
1530	-2666.803	-3290.42	623.6173	1.860597	0.5202835	2.855216
1536	-2676.42	-3299.664	623.2443	1.782099	0.6289838	3.028897
1542	-2687.337	-3309.913	622.576	1.87406	0.6411082	3.360543
1548	-2693.938	-3317.039	623.1007	1.752116	0.6052557	3.152597
1554	-2703.377	-3326.79	623.4132	1.752116	0.580944	2.987195
1560	-2704.364	-3327.498	623.1343	1.806973	0.617891	3.089135
1566	-2703.639	-3326.364	622.7241	1.741761	0.617891	3.370383
1572	-2704.622	-3327.992	623.3705	1.638718	0.5563367	3.102824
1578	-2698.642	-3320.023	621.3819	1.629736	0.4800341	4.329821
1584	-2681.774	-3303.122	621.3475	1.537323	0.5683267	4.321548
1590	-2696.147	-3317.357	621.2093	1.537323	0.5818527	4.388145
1596	-2697.942	-3319.853	621.9104	1.503494	0.5342467	4.051023
1602	-2690.75	-3312.176	621.4257	1.486655	0.6338323	4.252131
1608	-2687.897	-3309.847	621.9503	1.553468	0.5441907	3.990778
1614	-2697.672	-3319.914	622.2414	1.672005	0.732657	3.603309
1620	-2693.375	-3316.72	623.3454	1.773424	0.499185	3.091757
1626	-2684.706	-3308.035	623.3286	1.773424	0.6730475	2.947155
1632	-2683.391	-3307.069	623.6781	1.773424	0.5945736	2.802036
1638	-2687.95	-3311.64	623.6901	1.889603	0.5088818	2.804607
1644	-2680.23	-3303.567	623.3365	1.849995	0.5340102	3.01763
1650	-2688.138	-3311.274	623.1363	1.712513	0.6506438	3.116931
1656	-2681.658	-3305.41	623.7526	1.906246	0.5616803	2.705424
1662	-2677.04	-3300.81	623.7701	1.938576	0.5201899	2.714679
1668	-2682.312	-3305.408	623.0967	1.910487	0.6872527	2.992849
1674	-2676.821	-3300.134	623.3127	1.862509	0.6168951	2.949802
1680	-2681.087	-3304.478	623.3913	1.783861	0.6168951	2.949802
1686	-2681.393	-3304.952	623.56	1.765598	0.6168951	2.858988
1692	-2677.873	-3301.19	623.3168	1.765598	0.69597	2.940738
1698	-2681.058	-3303.787	622.7287	1.77174	0.69597	3.287413
1704	-2690.457	-3313.282	622.8244	1.708412	0.6715368	3.287413
1710	-2669.812	-3292.753	622.9415	1.766761	0.6988365	3.162242
1716	-2674.488	-3297.295	622.8074	1.730395	0.6746121	3.282043
1722	-2680.326	-3302.643	622.3171	1.730395	0.6440628	3.593244
1728	-2686.205	-3308.882	622.6765	1.889678	0.785921	3.182062
1734	-2682.582	-3306.094	623.5122	1.740471	0.5938488	2.923204
1740	-2690.713	-3313.392	622.6793	1.672947	0.5502047	3.495621
1746	-2696.415	-3318.013	621.5975	1.610164	0.5086556	4.191749
1752	-2699.968	-3321.947	621.9789	1.503325	0.6819436	3.889883
1758	-2700.437	-3322.275	621.8382	1.57639	0.7051193	3.911304
1764	-2688.462	-3310.186	621.7246	1.525067	0.7415222	3.97924
1770	-2695.434	-3318.349	622.915	1.660561	0.6645331	3.267741
1776	-2695.343	-3317.927	622.5836	1.668725	0.6434714	3.474429
1782	-2706.616	-3330.281	623.6647	1.763657	0.7848759	2.6625
1788	-2678.242	-3302.019	623.7767	1.950599	0.6559998	2.579384
1794	-2690.31	-3314.559	624.2484	1.983877	0.5736814	2.336253
1800	-2690.706	-3314.646	623.9397	1.785655	0.451878	2.774985
1806	-2688.373	-3311.59	623.2174	1.8232	0.7121945	2.95324
1812	-2678.699	-3302.45	623.7508	1.68987	0.5215256	2.876574
1818	-2692.286	-3314.287	622.0009	1.68987	0.713173	3.746471
1824	-2703.937	-3326.706	622.7691	1.68987	0.6692172	3.332715
1830	-2692.548	-3314.968	622.4204	1.708836	0.8077225	3.424349
1836	-2709.02	-3330.341	621.3205	1.62242	0.8753919	4.064749
1842	-2695.409	-3317.802	622.3926	1.633565	0.6537626	3.597894
1848	-2699.782	-3321.755	621.9727	1.733144	0.6537626	3.783176
1854	-2710.154	-3331.924	621.7704	1.663851	0.8334268	3.810361
1860	-2707.149	-3329.443	622.2938	1.69698	0.6532293	3.61886
1866	-2703.889	-3326.336	622.4463	1.639116	0.6363155	3.577446
1872	-2715.666	-3337.672	622.006	1.480678	0.7039014	3.870829
1878	-2699.389	-3321.117	621.7278	1.681672	0.7653334	3.870829
1884	-2677.454	-3299.815	622.3607	1.681672	0.6538958	3.588367
1890	-2683.569	-3306.632	623.0631	1.818913	0.5210977	3.211283
1896	-2673.096	-3295.728	622.6321	1.807839	0.7467232	3.284999
1902	-2674.879	-3297.524	622.6453	1.734493	0.7054583	3.351198
1908	-2674.431	-3296.914	622.4828	1.583935	0.6464247	3.580199
1914	-2692.114	-3314.689	622.5757	1.745426	0.8203342	3.302995
1920	-2679.758	-3302.796	623.038	1.672122	0.5357753	3.298996
1926	-2676.504	-3298.073	621.5689	1.549488	0.6799258	4.099376
1932	-2692.729	-3314.581	621.8516	1.537208	0.5492789	4.051926
1938	-2677.996	-3300.032	622.0365	1.633797	0.6332419	3.81997
1944	-2689.08	-3311.148	622.0686	1.574725	0.694289	3.787961
1950	-2670.532	-3292.39	621.8575	1.592513	0.7258529	3.875714
1956	-2672.713	-3294.624	621.9106	1.555064	0.5190298	4.035314
1962	-2690.717	-3312.272	621.555	1.580168	0.6813437	4.088741
1968	-2708.111	-3330.894	622.7826	1.691046	0.6458286	3.342819
1974	-2703.41	-3325.422	622.0122	1.648323	0.6684348	3.797779
1980	-2694.978	-3317.851	622.8733	1.727871	0.6481606	3.265826
1986	-2691.13	-3312.777	621.6477	1.642336	0.832918	3.893556
1992	-2695.06	-3317.085	622.0247	1.729867	0.6757846	3.737881
1998	-2704.113	-3327.049	622.9363	1.744676	0.6821055	3.191481
2004	-2712.821	-3336.823	624.0019	1.788009	0.4145996	2.777104
2010	-2707.525	-3331.521	623.9958	1.822643	0.6069506	2.565496
2016	-2709.004	-3331.073	622.0694	1.762391	0.6038894	3.751
2022	-2702.171	-3326.482	624.3119	1.762391	0.5745732	2.435377
2028	-2706.858	-3330.862	624.0046	1.95705	0.5745732	2.505959
2034	-2708.851	-3332.938	624.0869	1.95705	0.6068797	2.424544
2040	-2713.836	-3337.527	623.6907	1.967566	0.6068797	2.664598
2046	-2708.479	-3332.021	623.5423	1.967566	0.7019362	2.675908
2052	-2703.189	-3326.6	623.4114	1.907143	0.6874786	2.804509
2058	-2711.427	-3335.403	623.9758	1.969406	0.4695076	2.621073
2064	-2704.12	-3327.995	623.8754	1.838964	0.4224627	2.81414
2070	-2705.592	-3329.053	623.461	1.837061	0.6910336	2.81414
2076	-2701.238	-3324.461	623.2236	1.837061	0.7559491	2.907967
2082	-2702.674	-3325.072	622.3988	1.861248	0.8371368	3.327585
2088	-2696.651	-3319.254	622.6031	1.81282	0.6642651	3.361976
2094	-2686.824	-3309.282	622.4576	1.747749	0.6642651	3.485278
2100	-2684.901	-3308.094	623.1927	1.74159	0.6816081	3.041016
2106	-2694.319	-3317.704	623.3848	1.791769	0.5306631	3.026784
2112	-2690.214	-3313.567	623.353	1.816196	0.7467736	2.84914
2118	-2675.146	-3298.146	623.0007	1.824994	0.5588683	3.20956
2124	-2680.064	-3303.814	623.7494	1.949866	0.6600777	2.593367
2130	-2677.746	-3301.151	623.4051	1.903071	0.5625851	2.917821
2136	-2683.167	-3305.926	622.7591	1.782196	0.7580628	3.216817
2142	-2690.133	-3312.99	622.8564	1.817624	0.6879431	3.191046
2148	-2688.684	-3310.793	622.1088	1.63183	0.6361551	3.777105
2154	-2688.245	-3310.242	621.9969	1.549984	0.5386956	3.971047
2160	-2689.791	-3310.862	621.0705	1.699797	0.7059282	4.277703
2166	-2692.238	-3312.685	620.4473	1.490886	0.6123631	4.8167
2172	-2679.468	-3301.243	621.775	1.484061	0.5862951	4.093951
2178	-2685.198	-3306.983	621.7854	1.499396	0.5917283	4.074721
2184	-2678.82	-3301.094	622.2734	1.588283	0.7253835	3.63864
2190	-2681.418	-3303.647	622.2292	1.693696	0.7995444	3.55042
2196	-2662.878	-3286.379	623.5008	1.707999	0.6203293	2.926604
2202	-2667.565	-3290.017	622.4527	1.710765	0.803298	3.407345
2208	-2680.077	-3303.397	623.3198	1.710765	0.6708591	2.991907
2214	-2673.958	-3296.002	622.0438	1.642871	0.6354468	3.808756
2220	-2680.751	-3302.714	621.9632	1.634955	0.7348281	3.784025
2226	-2686.674	-3309.592	622.9177	1.674829	0.6949897	3.233788
2232	-2691.827	-3314.92	623.0933	1.674829	0.5073038	3.291792
2238	-2699.482	-3322.383	622.9006	1.762866	0.6002619	3.269016
2244	-2700.952	-3324.404	623.4521	1.784389	0.6155296	2.913996
2250	-2697.097	-3320.221	623.1244	1.833678	0.7124471	3.002601
2256	-2692.254	-3315.85	623.5964	1.757912	0.5405179	2.910563
2262	-2695.281	-3318.143	622.8621	1.688084	0.5365031	3.392381
2268	-2690.852	-3313.435	622.5837	1.753472	0.6519886	3.417931
2274	-2688.065	-3310.999	622.9336	1.754971	0.7152332	3.161357
2280	-2694.173	-3316.809	622.6362	1.61278	0.6381918	3.480634
2286	-2700.949	-3323.555	622.6061	1.579018	0.6518451	3.506904
2292	-2704.966	-3327.296	622.3297	1.80385	0.8383309	3.401066
2298	-2711.663	-3334.563	622.9005	1.562922	0.5379842	3.441788
2304	-2712.78	-3335.961	623.1811	1.725878	0.464255	3.252691
2310	-2707.077	-3330.012	622.9346	1.654385	0.5615056	3.346871
2316	-2685.183	-3307.102	621.9192	1.627955	0.4629967	4.042359
2322	-2688.152	-3310.092	621.9393	1.627955	0.5407092	3.957578
2328	-2682.408	-3304.115	621.7071	1.633664	0.6997519	3.957578
2334	-2681.639	-3303.196	621.5572	1.590044	0.6297654	4.121978
2340	-2682.438	-3303.545	621.1065	1.530756	0.7033685	4.354777
2346	-2700.431	-3320.924	620.4922	1.330186	0.4983624	4.97892
2352	-2676.707	-3297.088	620.3813	1.348603	0.6149205	4.930727
2358	-2676.048	-3297.322	621.2737	1.468989	0.4759707	4.485434
2364	-2670.468	-3291.964	621.4959	1.528302	0.6308789	4.191016
2370	-2671.337	-3292.807	621.4701	1.467214	0.7007337	4.18683
2376	-2672.796	-3294.401	621.6051	1.51471	0.5479004	4.206152
2382	-2676.679	-3297.918	621.2396	1.470284	0.7934766	4.250486
2388	-2681.95	-3302.072	620.1218	1.379501	0.6009564	5.068907
2394	-2686.538	-3306.818	620.2799	1.467986	0.4474164	5.068907
2400	-2682.539	-3304.421	621.8822	1.5815	0.6306998	3.940599
2406	-2679.711	-3301.534	621.8229	1.676367	0.6155664	3.932484
2412	-2675.312	-3297.689	622.3771	1.650251	0.5306204	3.702091
2418	-2682.01	-3305.036	623.0267	1.726672	0.5874077	3.227006
2424	-2678.237	-3301.801	623.5646	1.726672	0.4455131	3.043913
2430	-2678.189	-3300.982	622.793	1.798402	0.7342545	3.204675
2436	-2670.881	-3293.853	622.9722	1.776017	0.5663608	3.24863
2442	-2681.878	-3304.171	622.293	1.581557	0.5998872	3.729675
2448	-2672.973	-3295.495	622.5222	1.719007	0.7452731	3.402887
2454	-2675.068	-3297.494	622.4256	1.741404	0.50654	3.643767
2460	-2688.549	-3311.242	622.6934	1.645483	0.5744392	3.481923
2466	-2668.255	-3290.286	622.0312	1.662659	0.5644266	3.864057
2472	-2679.335	-3302.512	623.1762	1.806485	0.5216503	3.151006
2478	-2687.729	-3310.909	623.1802	1.772215	0.5407309	3.151006
2484	-2686.932	-3309.89	622.958	1.672789	0.5894941	3.297556
2490	-2683.996	-3307.103	623.107	1.657257	0.6320143	3.18254
2496	-2672.403	-3294.92	622.5163	1.658423	0.6536033	3.511569
2502	-2669.602	-3292.375	622.7732	1.655575	0.6785305	3.343165
2508	-2673.708	-3296.204	622.4967	1.622724	0.6638948	3.535653
2514	-2685.213	-3307.416	622.2031	1.662016	0.6032712	3.732254
2520	-2685.977	-3308.482	622.5052	1.561287	0.6032712	3.615742
2526	-2694.629	-3316.163	621.5334	1.495615	0.5056454	4.295809
2532	-2672.69	-3294.787	622.097	1.68133	0.5847532	3.797952
2538	-2679.339	-3302.115	622.7764	1.627646	0.6473609	3.382457
2544	-2700.146	-3322.165	622.0184	1.643518	0.5682215	3.879053
2550	-2690.039	-3311.164	621.1255	1.530949	0.5682215	4.450503
2556	-2684.857	-3305.641	620.7838	1.440999	0.6643017	4.615987
2562	-2692.544	-3313.097	620.5527	1.516281	0.7870411	4.615987
2568	-2683.206	-3305.227	622.0212	1.552063	0.6479688	3.864017
2574	-2685.27	-3307.704	622.4334	1.503447	0.6178958	3.678694
2580	-2673.927	-3294.995	621.0673	1.466441	0.5030302	4.577326
2586	-2674.887	-3297.117	622.2297	1.587376	0.6677225	3.708024
2592	-2680.279	-3302.353	622.0739	1.567726	0.481711	3.969993
2598	-2675.963	-3298.865	622.9018	1.728184	0.6860483	3.218607
2604	-2689.087	-3311.979	622.8926	1.765099	0.5988645	3.27359
2610	-2691.451	-3313.497	622.0467	1.635187	0.6861139	3.77192
2616	-2687.73	-3310.057	622.3267	1.525399	0.5656435	3.77192
2622	-2668.905	-3291.832	622.9275	1.771901	0.5791426	3.266159
2628	-2679.572	-3301.501	621.9291	1.616709	0.7103026	3.832123
2634	-2670.614	-3293.793	623.179	1.683598	0.8171448	2.983219
2640	-2674.318	-3297.607	623.2882	1.76678	0.5416248	3.089103
2646	-2667.157	-3290.631	623.474	1.726112	0.5536831	2.991077
2652	-2660.815	-3284.138	623.3229	1.70205	0.492365	3.154377
2658	-2665.495	-3288.647	623.1522	1.70205	0.6021573	3.154377
2664	-2680.311	-3303.364	623.053	1.70205	0.7222366	3.116507
2670	-2670.572	-3293.264	622.6925	1.698467	0.6418911	3.39456
2676	-2675.945	-3298.291	622.3466	1.614501	0.7138937	3.589429
2682	-2680.629	-3304.416	623.7868	1.845698	0.4972546	2.784131
2688	-2669.078	-3292.452	623.3741	1.702535	0.6065032	3.017968
2694	-2655.923	-3279.338	623.4155	1.815812	0.6615197	2.878503
2700	-2667.35	-3290.886	623.5363	1.82017	0.6242007	2.833939
2706	-2693.646	-3317.183	623.5363	1.82017	0.6242007	2.833939
2712	-2689.7	-3313.294	623.5946	1.79584	0.6079651	2.827352
2718	-2686.007	-3309.631	623.6238	1.815404	0.6284786	2.779967
2724	-2682.125	-3305.159	623.0344	1.815404	0.6228894	3.139406
2730	-2690.98	-3313.755	622.7746	1.658022	0.6269437	3.382374
2736	-2694.123	-3317.418	623.295	1.677383	0.5145519	3.163907
2742	-2693.715	-3316.985	623.2696	1.84228	0.5837268	3.01679
2748	-2683.885	-3307.494	623.6092	1.780857	0.4322326	2.999124
2754	-2677.313	-3300.865	623.5514	1.780857	0.5408962	2.923479
2760	-2701.431	-3324.143	622.7112	1.737912	0.6483472	3.355187
2766	-2692.938	-3315.836	622.8983	1.649623	0.5970448	3.339866
2772	-2703.165	-3327.259	624.0934	1.818562	0.4569682	2.655055
2778	-2695.468	-3319.532	624.0644	1.739462	0.6483906	2.538302
2784	-2690.638	-3314.594	623.9566	1.917807	0.6083443	2.529438
2790	-2675.031	-3297.851	622.8195	1.6027	0.6083443	3.404016
2796	-2661.511	-3284.046	622.5353	1.658066	0.6599882	3.495658
2802	-2664.364	-3286.786	622.422	1.691667	0.7205375	3.495658
2808	-2666.625	-3289.378	622.7531	1.730133	0.7424711	3.262542
2814	-2658.43	-3280.939	622.5092	1.701845	0.6170126	3.520176
2820	-2649.649	-3271.834	622.1857	1.578637	0.618309	3.777945
2826	-2651.944	-3274.628	622.6839	1.684048	0.5877861	3.453302
2832	-2662.828	-3285.371	622.5435	1.577322	0.5772027	3.606449
2838	-2669.355	-3291.862	622.5062	1.751556	0.5724579	3.530929
2844	-2675.054	-3298.582	623.5274	1.860558	0.594027	2.841165
2850	-2674.032	-3297.774	623.7416	1.898022	0.6329381	2.653315
2856	-2657.023	-3280.382	623.3589	1.753838	0.6042529	2.998279
2862	-2650.059	-3273.595	623.5369	1.88279	0.5963163	2.819851
2868	-2648.251	-3271.963	623.7118	1.86976	0.5695677	2.745381
2874	-2651.197	-3274.559	623.3619	1.791434	0.6237902	2.957095
2880	-2660.661	-3283.853	623.1919	1.749817	0.6237902	3.083846
2886	-2652.927	-3276.398	623.4714	1.824937	0.6874754	2.818042
2892	-2661.169	-3284.795	623.6259	1.887591	0.5987185	2.760606
2898	-2672.082	-3295.091	623.0085	1.772318	0.6820623	3.132212
2904	-2663.704	-3286.979	623.2749	1.737098	0.7287435	2.95775
2910	-2656.912	-3280.255	623.3429	1.737098	0.5937055	3.027072
2916	-2657.468	-3280.301	622.833	1.717299	0.7847483	3.192335
2922	-2649.743	-3272.65	622.9075	1.840819	0.7608465	3.091796
2928	-2649.621	-3272.687	623.0655	1.793	0.6746722	3.091796
2934	-2658.896	-3282.165	623.2692	1.776917	0.6795808	2.975529
2940	-2664.618	-3288.466	623.8477	1.857671	0.6588306	2.590622
2946	-2660.054	-3283.433	623.3791	1.875052	0.6310426	2.890085
2952	-2651.255	-3274.711	623.4554	1.743539	0.5321557	3.011941
2958	-2666.396	-3289.847	623.4505	1.733506	0.5416555	3.011941
2964	-2661.904	-3284.333	622.4292	1.658948	0.739479	3.496615
2970	-2656.331	-3278.803	622.4712	1.57523	0.7734291	3.496615
2976	-2669.73	-3293.293	623.5627	1.57523	0.5634927	3.019407
2982	-2678.878	-3301.854	622.9762	1.740642	0.7647077	3.107746
2988	-2672.765	-3294.948	622.1825	1.637669	0.5406853	3.81245
2994	-2660.187	-3283.68	623.4933	1.814342	0.5544213	2.925703
3000	-2655.306	-3279.572	624.2661	1.92561	0.4779842	2.458566
3006	-2658.317	-3282.752	624.4354	1.991759	0.5395322	2.245121
3012	-2641.04	-3265.363	624.3231	2.05024	0.5620217	2.257349
3018	-2665.693	-3289.845	624.1517	1.915901	0.5659601	2.447759
3024	-2649.432	-3273.015	623.5832	1.806924	0.5860455	2.846987
3030	-2656.372	-3280.16	623.7882	1.868439	0.6070074	2.665516
3036	-2675.62	-3298.88	623.2596	1.851775	0.7042873	2.916739
3042	-2672.759	-3294.732	621.973	1.511179	0.7157156	3.863507
3048	-2667.523	-3289.344	621.8213	1.557004	0.7157156	3.924243
3054	-2653.155	-3274.166	621.0116	1.486211	0.7157156	4.424529
3060	-2660.194	-3281.926	621.7321	1.447348	0.7157156	4.037972
3066	-2671.715	-3293.029	621.3139	1.36887	0.6680266	4.355453
3072	-2679.221	-3300.018	620.7968	1.489551	0.6641051	4.581618
3078	-2684.907	-3306.142	621.2345	1.637844	0.7051656	4.220389
3084	-2687.959	-3309.435	621.4763	1.665256	0.8652761	3.957679
3090	-2675.733	-3297.61	621.8774	1.577893	0.8634838	3.778673
3096	-2674.502	-3297.485	622.9825	1.726483	0.6852482	3.172398
3102	-2679.951	-3302.897	622.946	1.855116	0.5984213	3.189164
3108	-2675.256	-3298.375	623.1182	1.701302	0.5859063	3.189164
3114	-2670.204	-3292.89	622.6856	1.701302	0.5317677	3.492247
3120	-2678.411	-3301.311	622.9007	1.747192	0.4423252	3.427885
3126	-2673.253	-3296.472	623.2187	1.762364	0.538158	3.136411
3132	-2669.813	-3293.62	623.8072	1.705749	0.5375398	2.817296
3138	-2660.942	-3283.14	622.1978	1.660006	0.7200766	3.644778
3144	-2659.959	-3281.784	621.8253	1.485412	0.5966417	4.055839
3150	-2674.935	-3296.504	621.5692	1.572297	0.6316913	4.123696
3156	-2677.196	-3298.797	621.6011	1.579427	0.6086145	4.120138
3162	-2684.894	-3306.361	621.4677	1.501814	0.6117448	4.237443
3168	-2683.054	-3305.928	622.8736	1.568488	0.5395279	3.452868
3174	-2691.95	-3314.614	622.6634	1.76293	0.5069013	3.492622
3180	-2691.133	-3313.258	622.1252	1.636503	0.6011799	3.793644
3186	-2690.929	-3313.312	622.3827	1.623756	0.6879446	3.582668
3192	-2699.723	-3322.792	623.0687	1.623756	0.9252556	3.013326
3198	-2686.686	-3310.195	623.5089	1.714708	0.612757	2.924186
3204	-2688.31	-3310.644	622.3346	1.643299	0.612757	3.659123
3210	-2683.555	-3306.758	623.203	1.711111	0.5577045	3.158151
3216	-2677.794	-3300.871	623.0769	1.837871	0.7236773	3.01997
3222	-2679.276	-3303.066	623.7891	1.691036	0.4902038	2.883792
3228	-2674.021	-3298.013	623.9919	1.953541	0.4257873	2.669058
3234	-2680.937	-3305.207	624.2702	1.864444	0.5052134	2.465789
3240	-2665.174	-3288.599	623.4243	1.827032	0.5052134	3.006553
3246	-2666.941	-3289.343	622.4014	1.623679	0.5982776	3.643942
3252	-2691.111	-3313.252	622.1402	1.598258	0.4854376	3.910926
3258	-2691.389	-3313.894	622.505	1.657781	0.828474	3.390548
3264	-2670.152	-3292.684	622.532	1.622435	0.6458745	3.529581
3270	-2657.138	-3280.009	622.8712	1.713307	0.6458745	3.277527
3276	-2678.797	-3301.744	622.9468	1.697429	0.4958276	3.375767
3282	-2674.846	-3298.518	623.6718	1.697429	0.4911357	2.949725
3288	-2679.221	-3302.22	622.9986	1.671001	0.6042461	3.261956
3294	-2684.712	-3307.544	622.8318	1.77612	0.7332539	3.195607
3300	-2676.036	-3299.171	623.1358	1.77612	0.5691041	3.149198
3306	-2676.877	-3299.424	622.5468	1.77612	0.6897428	3.396588
3312	-2674.997	-3297.596	622.5987	1.710381	0.4884741	3.5787
3318	-2667.461	-3289.321	621.8606	1.566554	0.4247145	4.149897
3324	-2665.134	-3287.441	622.3067	1.582246	0.6555648	3.675984
3330	-2667.241	-3290.492	623.2508	1.731473	0.6555648	3.033272
3336	-2682.925	-3306.673	623.748	1.775447	0.4839678	2.863925
3342	-2664.906	-3288.5	623.5949	1.775447	0.5259245	2.914828
3348	-2675.19	-3298.486	623.2954	1.77823	0.5242859	3.094353
3354	-2670.958	-3293.996	623.0377	1.763914	0.7149051	3.094353
3360	-2651.873	-3275.645	623.7714	1.763914	0.5803376	2.763822
3366	-2659.783	-3283.646	623.8631	1.723192	0.5803376	2.732668
3372	-2652.225	-3275.75	623.5252	1.817621	0.545273	2.913012
3378	-2666.986	-3290.457	623.471	1.770341	0.5744366	2.947341
3384	-2660.111	-3284.103	623.9923	1.9472	0.5646049	2.529164
3390	-2669.063	-3292.795	623.7314	1.93398	0.5950527	2.670792
3396	-2665.934	-3289.891	623.9574	1.879782	0.5200173	2.63581
3402	-2688.076	-3311.728	623.6517	1.795211	0.5154768	2.87868
3408	-2689.078	-3312.689	623.6117	1.817042	0.5216905	2.88359
3414	-2685.916	-3309.243	623.3271	1.894724	0.5244143	3.00558
3420	-2668.301	-3291.723	623.4222	1.799681	0.5244143	3.00558
3426	-2670.898	-3293.873	622.9747	1.822462	0.7663508	3.058631
3432	-2685.894	-3308.973	623.0786	1.654178	0.5233681	3.297267
3438	-2677.084	-3299.971	622.8866	1.725092	0.630548	3.274054
3444	-2681.888	-3305.104	623.2158	1.725092	0.5090862	3.187927
3450	-2696.463	-3319.874	623.4113	1.653734	0.5079903	3.115209
3456	-2680.039	-3303.274	623.235	1.853039	0.6449692	2.978563
3462	-2665.36	-3288.624	623.2643	1.760202	0.5673612	3.083692
3468	-2678.124	-3301.598	623.474	1.811915	0.4412049	3.051756
3474	-2677.966	-3300.81	622.8436	1.615514	0.597046	3.391982
3480	-2679.351	-3302.449	623.0974	1.615514	0.5669118	3.269044
3486	-2682.042	-3304.855	622.8121	1.753374	0.6703833	3.269044
3492	-2677.89	-3301.305	623.415	1.765181	0.6029907	2.958835
3498	-2678.418	-3301.238	622.8203	1.820524	0.6121383	3.272273
3504	-2685.437	-3309.128	623.691	1.952021	0.5467596	2.729167
3510	-2678.551	-3302.015	623.4643	1.952021	0.5224192	2.890439
3516	-2662.727	-3285.521	622.7939	1.703942	0.6250968	3.345629
3522	-2654.707	-3278.013	623.3055	1.756391	0.5438874	3.082881
3528	-2652.268	-3275.306	623.0375	1.868933	0.650335	3.082853
3534	-2670.656	-3292.658	622.0023	1.646787	0.6617386	3.809575
3540	-2675.607	-3297.561	621.9542	1.668008	0.6051468	3.870564
3546	-2674.252	-3296.233	621.98	1.668008	0.6051468	3.855718
3552	-2668.585	-3291.186	622.601	1.668008	0.6636184	3.448587
3558	-2687.487	-3309.846	622.3595	1.570118	0.450083	3.836365
3564	-2686.805	-3309.454	622.6492	1.65546	0.603649	3.476776
3570	-2694.278	-3316.579	622.301	1.65546	0.603649	3.679134
3576	-2697.662	-3320.707	623.0449	1.762819	0.5161293	3.259911
3582	-2689.517	-3312.626	623.1088	1.762819	0.7399634	3.033523
3588	-2702.572	-3325.874	623.3021	1.776289	0.5874506	3.033523
3594	-2708.002	-3330.315	622.3133	1.671525	0.9904006	3.392827
3600	-2689.568	-3311.638	622.0704	1.626747	0.6847347	3.764196
3606	-2689.769	-3311.493	621.7242	1.626747	0.732337	3.927873
3612	-2697.274	-3319.665	622.3911	1.709776	0.6559392	3.552759
3618	-2689.338	-3312.843	623.5053	1.710505	0.5506702	2.984446
3624	-2693.262	-3316.666	623.4045	1.838637	0.5467469	2.971658
3630	-2694.593	-3318.179	623.5858	1.827823	0.5767584	2.841131
3636	-2679.046	-3302.88	623.8343	1.803407	0.5179426	2.760292
3642	-2678.861	-3301.763	622.9022	1.778313	0.4990247	3.351378
3648	-2677.297	-3300.406	623.1091	1.861138	0.7947903	2.93422
3654	-2676.241	-3299.344	623.1036	1.63328	0.6775526	3.161876
3660	-2670.418	-3292.744	622.3263	1.504351	0.5774303	3.774067
3666	-2682.594	-3304.522	621.9282	1.520647	0.5630278	4.005591
3672	-2674.368	-3296.254	621.8862	1.47001	0.8456976	3.847192
3678	-2687.977	-3310.24	622.2629	1.555052	0.6858393	3.693563
3684	-2672.027	-3292.778	620.7505	1.494867	0.7949609	4.511691
3690	-2673.324	-3295.03	621.7063	1.55096	0.6491258	4.043974
3696	-2685.173	-3307.481	622.3076	1.621795	0.5809369	3.714097
3702	-2664.738	-3287.773	623.0353	1.747014	0.6920825	3.123442
3708	-2653.39	-3276.074	622.6845	1.77651	0.5574894	3.425541
3714	-2652.677	-3275.197	622.5205	1.704304	0.7985126	3.374643
3720	-2643.377	-3265.694	622.3167	1.653028	0.7072425	3.589388
3726	-2648.246	-3269.17	620.9234	1.441765	0.6129175	4.577329
3732	-2648.888	-3271.08	622.1923	1.607977	0.505552	3.856283
3738	-2644.061	-3266.246	622.1852	1.632903	0.4947741	3.856283
3744	-2633.33	-3256.147	622.8175	1.583049	0.6056481	3.419
3750	-2644.023	-3266.267	622.2446	1.72239	0.8393919	3.497778
3756	-2640.657	-3263.087	622.4302	1.748415	0.6681717	3.497778
3762	-2643.197	-3264.331	621.1342	1.530513	0.6043924	4.415757
3768	-2647.776	-3269.748	621.9726	1.53882	0.6451142	3.901744
3774	-2659.503	-3280.677	621.1735	1.510459	0.6388039	4.377353
3780	-2664.357	-3285.72	621.3634	1.510459	0.6916488	4.229555
3786	-2666.356	-3288.16	621.8045	1.506209	0.5121908	4.129894
3792	-2662.736	-3284.203	621.4664	1.465374	0.4971775	4.358662
3798	-2669.984	-3291.203	621.2187	1.459781	0.653073	4.369347
3804	-2663.879	-3285.771	621.8925	1.567141	0.653073	3.92514
3810	-2668.345	-3290.371	622.0259	1.53488	0.5984456	3.911383
3816	-2671.176	-3293.339	622.1634	1.53488	0.5420068	3.881324
3822	-2676.955	-3298.136	621.181	1.589189	0.4969205	4.45006
3828	-2685.438	-3307.982	622.5439	1.668935	0.4802378	3.642648
3834	-2682.889	-3305.398	622.5091	1.74388	0.4570252	3.642648
3840	-2673.599	-3296.105	622.5056	1.69269	0.7432064	3.429516
3846	-2660.291	-3282.874	622.5833	1.652803	0.5733297	3.542804
3852	-2664.751	-3286.763	622.0115	1.461286	0.7842142	3.821321
3858	-2666.307	-3287.424	621.1172	1.534788	0.6249051	4.406382
3864	-2661.682	-3283.633	621.9507	1.653897	0.7013908	3.804892
3870	-2677.023	-3299.07	622.0474	1.592183	0.5838007	3.878503
3876	-2674.426	-3295.44	621.0137	1.521579	0.6032859	4.489536
3882	-2667.337	-3289.464	622.1268	1.478017	0.6063991	3.879523
3888	-2687.126	-3308.587	621.4615	1.537837	0.5782945	4.248241
3894	-2695.797	-3318.696	622.8983	1.815545	0.6066957	3.233735
3900	-2688.689	-3312.1	623.4112	1.758863	0.6191473	2.950947
3906	-2687.262	-3310.493	623.2303	1.755162	0.6069821	3.072098
3912	-2690.476	-3313.004	622.5276	1.798113	0.6976889	3.38886
3918	-2687.704	-3310.538	622.8337	1.820362	0.5658629	3.304638
3924	-2691.774	-3314.4	622.6255	1.605996	0.5658629	3.55203
3930	-2700.041	-3321.66	621.6193	1.535871	0.6727332	4.083901
3936	-2687.356	-3309.959	622.6027	1.670015	0.5995743	3.498881
3942	-2686.21	-3308.766	622.5568	1.746146	0.5995743	3.481193
3948	-2687.415	-3310.552	623.1365	1.746146	0.5584841	3.176176
3954	-2687.159	-3311.514	624.3541	1.886563	0.5217746	2.382057
3960	-2678.595	-3301.531	622.9363	1.713343	0.6309997	3.251263
3966	-2683.691	-3306.324	622.6329	1.639598	0.6404472	3.465108
3972	-2673.437	-3295.815	622.3782	1.680565	0.7388144	3.514261
3978	-2686.853	-3310.095	623.2423	1.765837	0.5434425	3.115355
3984	-2682.505	-3306.149	623.644	1.729682	0.4326454	3.008506
3990	-2678.25	-3301.952	623.7023	1.794004	0.4326454	2.934802
3996	-2688.469	-3311.503	623.0336	1.845499	0.5827789	3.156512
4002	-2681.938	-3305.627	623.6893	1.845499	0.4742592	2.867022
4008	-2687.294	-3310.771	623.4773	1.688916	0.4434171	3.120827
4014	-2697.975	-3319.951	621.9764	1.591409	0.4434171	4.050369
4020	-2694.631	-3315.715	621.0844	1.453115	0.6762435	4.43117
4026	-2697.486	-3318.873	621.3867	1.453115	0.5902629	4.328512
4032	-2695.051	-3317.68	622.629	1.662922	0.5488585	3.532013
4038	-2701.149	-3323.647	622.4983	1.645318	0.6507058	3.532013
4044	-2688.19	-3311.677	623.4877	1.794693	0.4924931	3.000562
4050	-2672.22	-3295.151	622.9304	1.665581	0.5872287	3.32005
4056	-2668.209	-3291.114	622.9053	1.742566	0.5528186	3.32005
4062	-2684.668	-3307.537	622.8692	1.745848	0.6309376	3.271751
4068	-2670.716	-3293.249	622.5324	1.662842	0.6412766	3.509529
4074	-2659.971	-3282.55	622.5792	1.701375	0.6412766	3.4597
4080	-2677.072	-3299.479	622.4064	1.678933	0.6298165	3.582772
4086	-2694.742	-3316.683	621.9405	1.47619	0.657678	3.946173
4092	-2718.289	-3340.414	622.1243	1.637815	0.5556794	3.832489
4098	-2710.646	-3332.807	622.1602	1.608034	0.6197569	3.774493
4104	-2696.621	-3318.914	622.2933	1.762938	0.6197569	3.60793
4110	-2701.477	-3324.269	622.7913	1.77784	0.7230243	3.226236
4116	-2704.122	-3326.556	622.4342	1.705608	0.6879129	3.505076
4122	-2687.759	-3309.781	622.0215	1.59137	0.6654063	3.827594
4128	-2694.322	-3316.189	621.8674	1.59137	0.658247	3.921611
4134	-2693.734	-3315.809	622.0748	1.634846	0.658247	3.777463
4140	-2697.213	-3319.653	622.4391	1.794424	0.8618764	3.326743
4146	-2688.051	-3310.622	622.5708	1.863733	0.6953477	3.326743
4152	-2683.61	-3306.368	622.7574	1.765263	0.6302749	3.326743
4158	-2684.324	-3307.591	623.2665	1.765263	0.6148593	3.037624
4164	-2672.168	-3294.743	622.5747	1.659341	0.6037225	3.517882
4170	-2676.55	-3298.978	622.4284	1.61826	0.5634595	3.661455
4176	-2671.841	-3294.187	622.3465	1.605052	0.4837053	3.79021
4182	-2663.22	-3286.714	623.4942	1.67731	0.7103511	2.875653
4188	-2657.832	-3280.444	622.612	1.685275	0.6846714	3.415536
4194	-2652.07	-3274.664	622.5942	1.685275	0.6388456	3.462339
4200	-2667.343	-3289.994	622.6512	1.799796	0.6400753	3.360825
4206	-2679.824	-3303.003	623.1783	1.799796	0.6508076	3.039628
4212	-2664.97	-3287.615	622.6455	1.799796	0.7345161	3.290839
4218	-2659.062	-3282.308	623.2457	1.83081	0.7606312	2.894913
4224	-2649.939	-3272.757	622.818	1.83081	0.59507	3.282129
4230	-2642.24	-3265.212	622.9717	1.700532	0.6436547	3.227496
4236	-2666.507	-3289.214	622.7071	1.772492	0.7942283	3.227496
4242	-2682.733	-3306.367	623.6339	1.807806	0.7065471	2.714111
4248	-2679.519	-3302.508	622.9891	1.766567	0.7066094	3.12803
4254	-2670.661	-3293.066	622.4048	1.674247	0.8156084	3.448336
4260	-2672.624	-3294.325	621.7015	1.623271	0.6840891	3.97847
4266	-2667.13	-3288.547	621.4167	1.555395	0.7464432	4.134022
4272	-2671.222	-3292.824	621.6021	1.583829	0.7893361	3.982356
4278	-2670.868	-3292.867	621.9995	1.569169	0.557663	3.941754
4284	-2663.754	-3285.804	622.0496	1.728364	0.7120204	3.696982
4290	-2667.241	-3289.444	622.2031	1.677507	0.6381544	3.694726
4296	-2653.984	-3276.377	622.3928	1.63772	0.6537618	3.595341
4302	-2666.357	-3288.26	621.9027	1.711491	0.8050265	3.725619
4308	-2662.844	-3285.401	622.5566	1.609244	0.5812259	3.576822
4314	-2665.65	-3287.368	621.7186	1.603507	0.5927973	4.05254
4320	-2665.46	-3287.372	621.9117	1.531548	0.5142207	4.05254
4326	-2663.758	-3285.212	621.4535	1.452107	0.6390294	4.251798
4332	-2663.376	-3284.282	620.9057	1.477061	0.6390294	4.546779
4338	-2654.461	-3276.354	621.8926	1.613934	0.6390294	3.909372
4344	-2662.693	-3285.488	622.795	1.776368	0.6272148	3.300569
4350	-2656.578	-3279.613	623.035	1.692109	0.590413	3.239938
4356	-2652.77	-3276.07	623.2995	1.761042	0.4448498	3.182081
4362	-2650.966	-3273.59	622.6247	1.805144	0.7877697	3.261465
4368	-2659.366	-3282.925	623.5596	1.709629	0.5011817	2.999787
4374	-2674.368	-3297.972	623.6043	1.867685	0.5192232	2.859806
4380	-2683.777	-3306.366	622.5889	1.822566	0.5826254	3.432346
4386	-2677.295	-3299.558	622.2634	1.630213	0.7124207	3.629689
4392	-2678.653	-3300.153	621.4994	1.641984	0.7124207	4.062098
4398	-2696.295	-3318.978	622.6822	1.722778	0.6219527	3.402707
4404	-2698.893	-3320.762	621.869	1.653997	0.6097675	3.923654
4410	-2688.452	-3309.984	621.5317	1.627604	0.5924005	4.145584
4416	-2680.578	-3302.927	622.3491	1.709628	0.6096438	3.614911
4422	-2674.23	-3296.695	622.4649	1.667418	0.5599519	3.614911
4428	-2674.425	-3296.54	622.1155	1.592085	0.6373831	3.795164
4434	-2668.236	-3290.279	622.0435	1.681352	0.6790035	3.752558
4440	-2665.53	-3287.022	621.4914	1.646375	0.6662112	4.09881
4446	-2673.611	-3295.739	622.1274	1.588853	0.6755444	3.760187
4452	-2683.693	-3305.88	622.1873	1.683782	0.6642824	3.679476
4458	-2673.768	-3296.251	622.4833	1.683782	0.6692224	3.503661
4464	-2673.502	-3295.757	622.2551	1.754167	0.80011	3.499677
4470	-2690.557	-3312.918	622.3612	1.795206	0.6026549	3.564024
4476	-2673.486	-3297.321	623.8345	1.791817	0.5451223	2.740917
4482	-2664.758	-3288.519	623.7613	1.903643	0.5052859	2.75623
4488	-2665.72	-3289.975	624.2554	1.922082	0.5073163	2.436662
4494	-2675.784	-3300.113	624.3299	1.953643	0.4501242	2.431353
4500	-2688.032	-3311.364	623.3315	2.004187	0.6178117	2.852057
4506	-2678.495	-3302.384	623.8886	1.943323	0.6249286	2.541165
4512	-2675.378	-3299.48	624.1016	1.957932	0.5438261	2.474168
4518	-2665.622	-3289.373	623.751	1.919871	0.5949222	2.667545
4524	-2672.401	-3295.944	623.543	1.92085	0.6257142	2.767289
4530	-2664.432	-3287.958	623.5263	1.703232	0.604071	2.928162
4536	-2672.846	-3295.626	622.7797	1.726701	0.5606504	3.396079
4542	-2683.011	-3305.636	622.6244	1.590067	0.7765898	3.396079
4548	-2687.978	-3310.388	622.4104	1.690551	0.6316522	3.572247
4554	-2683.23	-3305.879	622.6491	1.628185	0.5735759	3.518572
4560	-2684.549	-3307.15	622.6003	1.621102	0.6116941	3.518572
4566	-2673.989	-3296.001	622.0122	1.621615	0.7044015	3.78586
4572	-2666.135	-3287.919	621.7844	1.521796	0.561607	4.088212
4578	-2670.014	-3291.354	621.3407	1.600202	0.7038423	4.182485
4584	-2692.118	-3313.663	621.5454	1.470162	0.6478798	4.182485
4590	-2693.076	-3313.838	620.762	1.470162	0.7854367	4.525454
4596	-2677.035	-3298.846	621.8108	1.485656	0.6335724	4.033883
4602	-2671.656	-3293.55	621.8935	1.499969	0.5773358	4.02493
4608	-2667.569	-3289.77	622.2001	1.499804	0.7773044	3.695114
4614	-2680.977	-3303.845	622.8679	1.692021	0.6239256	3.310066
4620	-2687.305	-3310.434	623.1284	1.678101	0.6239256	3.164224
4626	-2696.752	-3320.201	623.4484	1.678101	0.5273468	3.059893
4632	-2682.676	-3304.616	621.9402	1.682555	0.7530058	3.756808
4638	-2665.826	-3287.993	622.1662	1.64687	0.7729427	3.63264
4644	-2663.313	-3285.417	622.1038	1.718858	0.7437219	3.647914
4650	-2673.516	-3295.153	621.6369	1.501776	0.8148253	3.992186
4656	-2680.784	-3301.257	620.4729	1.652774	0.8964561	4.514267
4662	-2673.284	-3294.517	621.2328	1.521702	0.8549497	4.184909
4668	-2680.558	-3301.133	620.5747	1.454456	0.6341465	4.748739
4674	-2680.087	-3300.887	620.8005	1.454456	0.7769992	4.518382
4680	-2684.016	-3304.625	620.6089	1.355925	0.6126111	4.80166
4686	-2685.651	-3305.327	619.676	1.355925	0.6921618	5.259086
4692	-2687.976	-3307.68	619.7037	1.385764	0.7209569	5.206741
4698	-2675.636	-3297.292	621.6563	1.546638	0.7052745	4.032229
4704	-2667.122	-3289.18	622.0584	1.588761	0.5963363	3.863548
4710	-2670.084	-3292.092	622.0081	1.649643	0.6965802	3.777892
4716	-2681.682	-3303.232	621.5495	1.583641	0.7282453	4.055301
4722	-2676.313	-3298.46	622.1477	1.568123	0.556946	3.857972
4728	-2675.598	-3297.53	621.9319	1.516401	0.5482528	4.018865
4734	-2667.607	-3289.497	621.8904	1.643096	0.6004982	3.925325
4740	-2670.301	-3294.132	623.8309	1.744028	0.4404387	2.87874
4746	-2655.692	-3278.858	623.1666	1.76108	0.4491462	3.256197
4752	-2660.052	-3283.218	623.1666	1.76108	0.4491462	3.256197
4758	-2659.691	-3283.013	623.3213	1.840149	0.4753252	3.090269
4764	-2661.544	-3285.065	623.5208	1.865587	0.534189	2.897196
4770	-2669.447	-3292.747	623.2998	1.865587	0.534189	3.030116
4776	-2677.158	-3300.414	623.2561	1.870268	0.5477641	3.040753
4782	-2679.72	-3302.783	623.0627	1.870268	0.5990501	3.110234
4788	-2685.28	-3308.653	623.3736	1.870268	0.5191439	2.99743
4794	-2680.081	-3303.583	623.5016	1.803744	0.5283054	2.95168
4800	-2679.899	-3303.148	623.2483	1.828127	0.5550989	3.063866
4806	-2680.948	-3303.815	622.8672	1.766805	0.5721129	3.310924
4812	-2686.362	-3309.228	622.866	1.801078	0.6132353	3.255828
4818	-2676.687	-3299.829	623.1424	1.828599	0.4983186	3.180526
4824	-2658.127	-3280.444	622.3163	1.737112	0.5376172	3.680639
4830	-2659.994	-3281.993	621.9987	1.641432	0.678244	3.801993
4836	-2659.813	-3281.673	621.8597	1.722181	0.7110951	3.810749
4842	-2662.518	-3285.832	623.3131	1.797339	0.5762615	3.024305
4848	-2666.984	-3290.088	623.1048	1.797339	0.5151425	3.205017
4854	-2670.851	-3294.703	623.8519	1.929819	0.3827533	2.819579
4860	-2675.449	-3299.274	623.824	2.018312	0.5382757	2.61471
4866	-2674.695	-3299.085	624.39	2.018312	0.5382757	2.258498
4872	-2673.659	-3298.023	624.364	2.088768	0.5757061	2.192848
4878	-2691.963	-3316.741	624.7785	2.178863	0.5126581	1.924406
4884	-2685.143	-3309.589	624.4464	2.143233	0.5517625	2.127462
4890	-2674.913	-3299.651	624.738	2.143233	0.4981839	1.991431
4896	-2677.26	-3302.077	624.8168	2.148743	0.461232	1.977119
4902	-2673.004	-3297.056	624.0526	2.073951	0.6748138	2.312468
4908	-2680.425	-3304.273	623.8475	2.032102	0.5749635	2.55675
4914	-2675.125	-3298.518	623.3935	1.852992	0.773379	2.782349
4920	-2664.299	-3287.565	623.2656	1.848713	0.5166136	3.077425
4926	-2677.442	-3300.266	622.8235	1.748913	0.6586501	3.274306
4932	-2674.186	-3297.03	622.8442	1.760133	0.6551122	3.25833
4938	-2674.107	-3296.767	622.6603	1.78729	0.6551122	3.350644
4944	-2685.067	-3308.064	622.997	1.818847	0.555334	3.218598
4950	-2680.904	-3303.813	622.909	1.723427	0.5912712	3.295037
4956	-2698.916	-3322.136	623.2198	1.723427	0.5117936	3.183898
4962	-2684.863	-3307.979	623.116	1.713987	0.5847955	3.183898
4968	-2684.204	-3307.108	622.9046	1.718009	0.5675158	3.321694
4974	-2686.685	-3309.455	622.7698	1.727868	0.7190484	3.271486
4980	-2683.962	-3307.032	623.0698	1.709863	0.4702343	3.321671
